<?xml version="1.0" encoding="utf-8"?>
<CoverageSession xmlns:xsd="http://www.w3.org/2001/XMLSchema" xmlns:xsi="http://www.w3.org/2001/XMLSchema-instance">
  <Summary numSequencePoints="412" visitedSequencePoints="275" numBranchPoints="108" visitedBranchPoints="78" sequenceCoverage="66.75" branchCoverage="72.22" maxCyclomaticComplexity="6" minCyclomaticComplexity="1" visitedClasses="9" numClasses="12" visitedMethods="49" numMethods="58" />
  <Modules>
    <Module skippedDueTo="Filter" hash="40-90-AE-61-6A-94-94-CB-9B-0C-CE-AC-44-90-3F-27-B5-69-65-3F">
      <ModulePath>C:\Program Files\dotnet\shared\Microsoft.NETCore.App\2.1.3\System.Private.CoreLib.dll</ModulePath>
      <ModuleTime>2018-07-25T05:24:18Z</ModuleTime>
      <ModuleName>System.Private.CoreLib</ModuleName>
      <Classes />
    </Module>
    <Module skippedDueTo="MissingPdb" hash="79-59-AB-B5-FF-9F-8D-16-27-33-7A-15-2A-86-C2-D0-1F-65-C9-08">
      <ModulePath>C:\Program Files\dotnet\sdk\2.1.401\dotnet.dll</ModulePath>
      <ModuleTime>2018-08-02T11:08:20Z</ModuleTime>
      <ModuleName>dotnet</ModuleName>
      <Classes />
    </Module>
    <Module skippedDueTo="Filter" hash="E1-11-97-FC-D9-E7-DA-EE-25-61-EE-72-28-CF-D1-40-37-2E-B8-9E">
      <ModulePath>C:\Program Files\dotnet\shared\Microsoft.NETCore.App\2.1.3\System.Runtime.dll</ModulePath>
      <ModuleTime>2018-07-25T05:24:16Z</ModuleTime>
      <ModuleName>System.Runtime</ModuleName>
      <Classes />
    </Module>
    <Module skippedDueTo="MissingPdb" hash="59-29-15-0F-26-02-AC-AB-9B-E6-28-67-D8-F3-23-82-F1-3A-6A-5B">
      <ModulePath>C:\Program Files\dotnet\sdk\2.1.401\Microsoft.DotNet.Cli.Utils.dll</ModulePath>
      <ModuleTime>2018-08-02T11:09:08Z</ModuleTime>
      <ModuleName>Microsoft.DotNet.Cli.Utils</ModuleName>
      <Classes />
    </Module>
    <Module skippedDueTo="MissingPdb" hash="86-73-15-4E-7E-56-87-16-8E-93-70-84-48-D5-36-74-91-45-6F-B2">
      <ModulePath>C:\Program Files\dotnet\shared\Microsoft.NETCore.App\2.1.3\netstandard.dll</ModulePath>
      <ModuleTime>2018-07-25T05:24:18Z</ModuleTime>
      <ModuleName>netstandard</ModuleName>
      <Classes />
    </Module>
    <Module skippedDueTo="Filter" hash="70-36-89-DA-48-78-8A-5A-B3-21-A0-13-A2-19-4A-A3-57-F3-91-2B">
      <ModulePath>C:\Program Files\dotnet\shared\Microsoft.NETCore.App\2.1.3\System.Runtime.Extensions.dll</ModulePath>
      <ModuleTime>2018-07-25T05:24:16Z</ModuleTime>
      <ModuleName>System.Runtime.Extensions</ModuleName>
      <Classes />
    </Module>
    <Module skippedDueTo="Filter" hash="72-BC-CF-7D-3C-12-AE-97-AD-97-A9-D2-4E-F7-ED-A0-5B-D6-C2-62">
      <ModulePath>C:\Program Files\dotnet\shared\Microsoft.NETCore.App\2.1.3\System.Runtime.Loader.dll</ModulePath>
      <ModuleTime>2018-07-25T05:24:16Z</ModuleTime>
      <ModuleName>System.Runtime.Loader</ModuleName>
      <Classes />
    </Module>
    <Module skippedDueTo="MissingPdb" hash="CF-F5-56-62-0D-43-0B-30-50-EE-FA-6B-2A-C6-E3-FA-FE-EA-AF-ED">
      <ModulePath>C:\Program Files\dotnet\sdk\2.1.401\Microsoft.DotNet.PlatformAbstractions.dll</ModulePath>
      <ModuleTime>2018-08-02T11:09:48Z</ModuleTime>
      <ModuleName>Microsoft.DotNet.PlatformAbstractions</ModuleName>
      <Classes />
    </Module>
    <Module skippedDueTo="Filter" hash="A9-D9-37-0E-E5-7A-7E-05-59-85-9B-B0-54-E6-AB-E9-88-8E-65-85">
      <ModulePath>C:\Program Files\dotnet\shared\Microsoft.NETCore.App\2.1.3\System.Runtime.InteropServices.RuntimeInformation.dll</ModulePath>
      <ModuleTime>2018-07-25T05:24:16Z</ModuleTime>
      <ModuleName>System.Runtime.InteropServices.RuntimeInformation</ModuleName>
      <Classes />
    </Module>
    <Module skippedDueTo="Filter" hash="29-22-08-DC-69-1F-BC-56-9E-B9-7E-70-6C-AD-4F-34-73-D7-B2-E7">
      <ModulePath>C:\Program Files\dotnet\shared\Microsoft.NETCore.App\2.1.3\System.Runtime.InteropServices.dll</ModulePath>
      <ModuleTime>2018-07-25T05:24:16Z</ModuleTime>
      <ModuleName>System.Runtime.InteropServices</ModuleName>
      <Classes />
    </Module>
    <Module skippedDueTo="Filter" hash="8B-6E-CE-AD-6C-A4-57-7F-9C-E4-D6-6F-D5-29-A9-8C-8B-48-B6-F2">
      <ModulePath>C:\Program Files\dotnet\shared\Microsoft.NETCore.App\2.1.3\System.Threading.dll</ModulePath>
      <ModuleTime>2018-07-25T05:24:18Z</ModuleTime>
      <ModuleName>System.Threading</ModuleName>
      <Classes />
    </Module>
    <Module skippedDueTo="Filter" hash="A5-97-C8-15-AF-54-A9-14-B3-67-01-92-9F-EB-69-53-95-58-1D-DA">
      <ModulePath>C:\Program Files\dotnet\shared\Microsoft.NETCore.App\2.1.3\System.IO.FileSystem.dll</ModulePath>
      <ModuleTime>2018-07-25T05:24:10Z</ModuleTime>
      <ModuleName>System.IO.FileSystem</ModuleName>
      <Classes />
    </Module>
    <Module skippedDueTo="Filter" hash="80-F2-C4-27-9E-BA-F2-18-FD-50-70-38-7B-F7-0F-62-8D-76-59-D7">
      <ModulePath>C:\Program Files\dotnet\sdk\2.1.401\runtimes\win\lib\netcoreapp2.0\System.Text.Encoding.CodePages.dll</ModulePath>
      <ModuleTime>2018-08-02T11:09:12Z</ModuleTime>
      <ModuleName>System.Text.Encoding.CodePages</ModuleName>
      <Classes />
    </Module>
    <Module skippedDueTo="Filter" hash="1A-63-FF-01-DF-BD-53-DF-64-2A-00-2D-65-FB-AD-17-C4-31-9A-24">
      <ModulePath>C:\Program Files\dotnet\shared\Microsoft.NETCore.App\2.1.3\System.Collections.dll</ModulePath>
      <ModuleTime>2018-07-25T05:24:08Z</ModuleTime>
      <ModuleName>System.Collections</ModuleName>
      <Classes />
    </Module>
    <Module skippedDueTo="Filter" hash="BD-0C-D9-67-BC-71-3E-2B-A9-21-E7-D1-66-7C-8A-C9-E0-9A-7F-93">
      <ModulePath>C:\Program Files\dotnet\shared\Microsoft.NETCore.App\2.1.3\System.Collections.Concurrent.dll</ModulePath>
      <ModuleTime>2018-07-25T05:24:06Z</ModuleTime>
      <ModuleName>System.Collections.Concurrent</ModuleName>
      <Classes />
    </Module>
    <Module skippedDueTo="Filter" hash="D9-40-2C-A7-24-35-E5-C3-32-14-F3-53-56-49-41-8C-26-37-61-A8">
      <ModulePath>C:\Program Files\dotnet\shared\Microsoft.NETCore.App\2.1.3\System.Threading.Thread.dll</ModulePath>
      <ModuleTime>2018-07-25T05:24:18Z</ModuleTime>
      <ModuleName>System.Threading.Thread</ModuleName>
      <Classes />
    </Module>
    <Module skippedDueTo="MissingPdb" hash="B2-4D-05-54-9B-0D-2B-F2-CF-EF-8E-17-86-3E-83-AB-33-98-00-09">
      <ModulePath>C:\Program Files\dotnet\sdk\2.1.401\Microsoft.DotNet.Configurer.dll</ModulePath>
      <ModuleTime>2018-08-02T11:08:56Z</ModuleTime>
      <ModuleName>Microsoft.DotNet.Configurer</ModuleName>
      <Classes />
    </Module>
    <Module skippedDueTo="MissingPdb" hash="88-50-14-AA-9D-2A-20-A5-77-9F-00-3F-1C-63-6C-BC-D0-9D-92-A2">
      <ModulePath>C:\Program Files\dotnet\sdk\2.1.401\Microsoft.DotNet.Cli.CommandLine.dll</ModulePath>
      <ModuleTime>2018-08-02T11:09:18Z</ModuleTime>
      <ModuleName>Microsoft.DotNet.Cli.CommandLine</ModuleName>
      <Classes />
    </Module>
    <Module skippedDueTo="Filter" hash="5A-2B-54-AE-41-22-53-E3-0F-E6-68-F0-B8-D0-A8-20-53-19-AB-A2">
      <ModulePath>C:\Program Files\dotnet\shared\Microsoft.NETCore.App\2.1.3\System.Diagnostics.Process.dll</ModulePath>
      <ModuleTime>2018-07-25T05:24:10Z</ModuleTime>
      <ModuleName>System.Diagnostics.Process</ModuleName>
      <Classes />
    </Module>
    <Module skippedDueTo="MissingPdb" hash="DB-48-4F-69-43-07-AB-3F-7F-92-22-41-94-E6-3C-31-98-16-2A-1C">
      <ModulePath>C:\Program Files\dotnet\sdk\2.1.401\Microsoft.DotNet.InternalAbstractions.dll</ModulePath>
      <ModuleTime>2018-08-02T11:09:08Z</ModuleTime>
      <ModuleName>Microsoft.DotNet.InternalAbstractions</ModuleName>
      <Classes />
    </Module>
    <Module skippedDueTo="Filter" hash="BE-DF-33-D6-2D-5A-5F-55-B4-AF-5B-81-2F-32-BD-57-CF-1B-E9-B0">
      <ModulePath>C:\Program Files\dotnet\shared\Microsoft.NETCore.App\2.1.3\System.Linq.dll</ModulePath>
      <ModuleTime>2018-07-25T05:24:12Z</ModuleTime>
      <ModuleName>System.Linq</ModuleName>
      <Classes />
    </Module>
    <Module skippedDueTo="MissingPdb" hash="3B-BA-41-BC-E3-82-D7-02-BF-B9-A0-35-86-3B-77-41-FD-71-9C-91">
      <ModulePath>C:\Program Files\dotnet\sdk\2.1.401\NuGet.Frameworks.dll</ModulePath>
      <ModuleTime>2018-08-02T11:11:04Z</ModuleTime>
      <ModuleName>NuGet.Frameworks</ModuleName>
      <Classes />
    </Module>
    <Module skippedDueTo="Filter" hash="53-B1-D5-DB-8A-65-9B-96-1C-4A-C6-F1-C3-2D-88-22-1B-AF-1E-7D">
      <ModulePath>C:\Program Files\dotnet\shared\Microsoft.NETCore.App\2.1.3\System.Console.dll</ModulePath>
      <ModuleTime>2018-07-25T05:24:08Z</ModuleTime>
      <ModuleName>System.Console</ModuleName>
      <Classes />
    </Module>
    <Module skippedDueTo="Filter" hash="1E-F7-7B-AC-57-02-22-29-E1-E9-0A-34-8A-0A-E1-6E-3F-4D-F1-BC">
      <ModulePath>C:\Program Files\dotnet\shared\Microsoft.NETCore.App\2.1.3\System.IO.FileSystem.Primitives.dll</ModulePath>
      <ModuleTime>2018-07-25T05:24:10Z</ModuleTime>
      <ModuleName>System.IO.FileSystem.Primitives</ModuleName>
      <Classes />
    </Module>
    <Module skippedDueTo="Filter" hash="51-80-DD-CB-9B-6D-8B-C2-11-82-F0-CF-E2-83-52-85-4F-43-2F-B9">
      <ModulePath>C:\Program Files\dotnet\shared\Microsoft.NETCore.App\2.1.3\System.Memory.dll</ModulePath>
      <ModuleTime>2018-07-25T05:24:12Z</ModuleTime>
      <ModuleName>System.Memory</ModuleName>
      <Classes />
    </Module>
    <Module skippedDueTo="Filter" hash="F1-6E-A3-43-48-90-7E-33-59-08-9F-5F-C2-88-78-FE-D3-D5-26-84">
      <ModulePath>C:\Program Files\dotnet\shared\Microsoft.NETCore.App\2.1.3\System.IO.dll</ModulePath>
      <ModuleTime>2018-07-25T05:24:12Z</ModuleTime>
      <ModuleName>System.IO</ModuleName>
      <Classes />
    </Module>
    <Module skippedDueTo="Filter" hash="BE-77-19-63-51-FC-DB-A2-9E-15-F6-B4-A7-8B-98-4E-39-41-27-03">
      <ModulePath>C:\Program Files\dotnet\shared\Microsoft.NETCore.App\2.1.3\System.Text.Encoding.Extensions.dll</ModulePath>
      <ModuleTime>2018-07-25T05:24:18Z</ModuleTime>
      <ModuleName>System.Text.Encoding.Extensions</ModuleName>
      <Classes />
    </Module>
    <Module skippedDueTo="MissingPdb" hash="25-0A-F2-15-19-EE-E7-6B-78-2B-9E-40-09-09-19-86-22-C8-E6-67">
      <ModulePath>C:\Program Files\dotnet\sdk\2.1.401\Microsoft.ApplicationInsights.dll</ModulePath>
      <ModuleTime>2018-08-02T11:08:58Z</ModuleTime>
      <ModuleName>Microsoft.ApplicationInsights</ModuleName>
      <Classes />
    </Module>
    <Module skippedDueTo="Filter" hash="A3-67-F9-63-EB-F8-B7-44-1E-E1-D4-1E-C4-6B-73-38-9B-31-69-CC">
      <ModulePath>C:\Program Files\dotnet\shared\Microsoft.NETCore.App\2.1.3\System.Reflection.Extensions.dll</ModulePath>
      <ModuleTime>2018-07-25T05:24:16Z</ModuleTime>
      <ModuleName>System.Reflection.Extensions</ModuleName>
      <Classes />
    </Module>
    <Module skippedDueTo="Filter" hash="48-E4-66-39-80-8B-FD-40-93-7F-51-A1-6C-05-2E-CA-75-8B-38-06">
      <ModulePath>C:\Program Files\dotnet\shared\Microsoft.NETCore.App\2.1.3\System.Reflection.dll</ModulePath>
      <ModuleTime>2018-07-25T05:24:16Z</ModuleTime>
      <ModuleName>System.Reflection</ModuleName>
      <Classes />
    </Module>
    <Module skippedDueTo="Filter" hash="03-95-BA-1F-B5-60-61-8F-F5-30-D1-6B-64-B0-99-E8-4E-3E-9C-80">
      <ModulePath>C:\Program Files\dotnet\shared\Microsoft.NETCore.App\2.1.3\System.Xml.XDocument.dll</ModulePath>
      <ModuleTime>2018-07-25T05:24:18Z</ModuleTime>
      <ModuleName>System.Xml.XDocument</ModuleName>
      <Classes />
    </Module>
    <Module skippedDueTo="Filter" hash="97-68-59-97-7D-81-1F-E1-29-A1-BB-49-E4-B4-02-4F-F5-31-A7-CA">
      <ModulePath>C:\Program Files\dotnet\shared\Microsoft.NETCore.App\2.1.3\System.Private.Xml.Linq.dll</ModulePath>
      <ModuleTime>2018-07-25T05:24:14Z</ModuleTime>
      <ModuleName>System.Private.Xml.Linq</ModuleName>
      <Classes />
    </Module>
    <Module skippedDueTo="Filter" hash="EB-CB-84-87-26-08-C1-24-58-B9-88-C7-A4-0D-A1-13-CF-CE-62-2F">
      <ModulePath>C:\Program Files\dotnet\shared\Microsoft.NETCore.App\2.1.3\System.Security.Cryptography.Algorithms.dll</ModulePath>
      <ModuleTime>2018-07-25T05:24:16Z</ModuleTime>
      <ModuleName>System.Security.Cryptography.Algorithms</ModuleName>
      <Classes />
    </Module>
    <Module skippedDueTo="Filter" hash="9A-C4-75-F6-BD-F1-14-67-BA-77-C7-28-C0-A5-C0-EB-54-32-03-2A">
      <ModulePath>C:\Program Files\dotnet\shared\Microsoft.NETCore.App\2.1.3\System.Security.Cryptography.Primitives.dll</ModulePath>
      <ModuleTime>2018-07-25T05:24:18Z</ModuleTime>
      <ModuleName>System.Security.Cryptography.Primitives</ModuleName>
      <Classes />
    </Module>
    <Module skippedDueTo="MissingPdb" hash="83-CC-AE-63-BD-EC-EC-74-56-AF-C7-EF-85-3C-88-F4-31-61-4E-92">
      <ModulePath>C:\Program Files\dotnet\sdk\2.1.401\Microsoft.TemplateEngine.Cli.dll</ModulePath>
      <ModuleTime>2018-08-02T11:09:16Z</ModuleTime>
      <ModuleName>Microsoft.TemplateEngine.Cli</ModuleName>
      <Classes />
    </Module>
    <Module skippedDueTo="Filter" hash="52-DC-78-9D-68-B1-43-4E-FA-AD-31-C5-5C-0D-C6-D8-27-08-23-BD">
      <ModulePath>C:\Program Files\dotnet\shared\Microsoft.NETCore.App\2.1.3\System.Private.Xml.dll</ModulePath>
      <ModuleTime>2018-07-25T05:24:14Z</ModuleTime>
      <ModuleName>System.Private.Xml</ModuleName>
      <Classes />
    </Module>
    <Module skippedDueTo="Filter" hash="A0-76-61-AA-70-7A-84-48-63-DA-37-72-1A-31-3D-1D-D1-CD-38-AF">
      <ModulePath>C:\Program Files\dotnet\shared\Microsoft.NETCore.App\2.1.3\System.Resources.ResourceManager.dll</ModulePath>
      <ModuleTime>2018-07-25T05:24:16Z</ModuleTime>
      <ModuleName>System.Resources.ResourceManager</ModuleName>
      <Classes />
    </Module>
    <Module skippedDueTo="Filter" hash="D1-8B-DD-5D-72-BB-59-91-D4-CC-75-78-3F-7F-80-DC-4F-73-FC-11">
      <ModulePath>C:\Program Files\dotnet\shared\Microsoft.NETCore.App\2.1.3\System.Xml.ReaderWriter.dll</ModulePath>
      <ModuleTime>2018-07-25T05:24:18Z</ModuleTime>
      <ModuleName>System.Xml.ReaderWriter</ModuleName>
      <Classes />
    </Module>
    <Module skippedDueTo="Filter" hash="CD-6E-17-B8-D5-40-EF-3E-FD-9F-A6-86-DF-F7-DE-D4-FD-A8-85-BB">
      <ModulePath>C:\Program Files\dotnet\shared\Microsoft.NETCore.App\2.1.3\System.Globalization.dll</ModulePath>
      <ModuleTime>2018-07-25T05:24:10Z</ModuleTime>
      <ModuleName>System.Globalization</ModuleName>
      <Classes />
    </Module>
    <Module skippedDueTo="Filter" hash="36-FC-21-3C-73-CA-1B-2B-55-53-7F-7D-93-57-DA-63-BE-7E-E7-F3">
      <ModulePath>C:\Program Files\dotnet\shared\Microsoft.NETCore.App\2.1.3\System.Diagnostics.Tracing.dll</ModulePath>
      <ModuleTime>2018-07-25T05:24:10Z</ModuleTime>
      <ModuleName>System.Diagnostics.Tracing</ModuleName>
      <Classes />
    </Module>
    <Module skippedDueTo="Filter" hash="C2-49-7A-11-08-AD-6F-1B-3A-C5-73-0B-37-87-80-B4-A0-6C-06-1A">
      <ModulePath>C:\Program Files\dotnet\shared\Microsoft.NETCore.App\2.1.3\System.Private.Uri.dll</ModulePath>
      <ModuleTime>2018-07-25T05:24:14Z</ModuleTime>
      <ModuleName>System.Private.Uri</ModuleName>
      <Classes />
    </Module>
    <Module skippedDueTo="Filter" hash="F5-07-11-CB-DB-B9-71-B6-EB-09-65-CD-EA-00-E1-07-BD-C6-A7-D3">
      <ModulePath>C:\Program Files\dotnet\shared\Microsoft.NETCore.App\2.1.3\System.Threading.Tasks.dll</ModulePath>
      <ModuleTime>2018-07-25T05:24:18Z</ModuleTime>
      <ModuleName>System.Threading.Tasks</ModuleName>
      <Classes />
    </Module>
    <Module skippedDueTo="Filter" hash="4F-56-A2-9F-35-AA-25-F4-8B-8B-5D-6A-91-3D-58-51-20-87-0D-B8">
      <ModulePath>C:\Program Files\dotnet\shared\Microsoft.NETCore.App\2.1.3\System.Text.RegularExpressions.dll</ModulePath>
      <ModuleTime>2018-07-25T05:24:18Z</ModuleTime>
      <ModuleName>System.Text.RegularExpressions</ModuleName>
      <Classes />
    </Module>
    <Module skippedDueTo="Filter" hash="CB-E9-FC-A5-59-90-26-5C-DD-2D-79-7C-E0-0E-30-E7-F8-7C-CC-C2">
      <ModulePath>C:\Program Files\dotnet\shared\Microsoft.NETCore.App\2.1.3\System.Buffers.dll</ModulePath>
      <ModuleTime>2018-07-25T05:24:06Z</ModuleTime>
      <ModuleName>System.Buffers</ModuleName>
      <Classes />
    </Module>
    <Module skippedDueTo="Filter" hash="4A-7D-E4-B8-E1-03-8B-97-3B-89-62-F3-FD-7D-68-16-B5-45-A6-14">
      <ModulePath>C:\Program Files\dotnet\shared\Microsoft.NETCore.App\2.1.3\System.Reflection.Emit.ILGeneration.dll</ModulePath>
      <ModuleTime>2018-07-25T05:24:16Z</ModuleTime>
      <ModuleName>System.Reflection.Emit.ILGeneration</ModuleName>
      <Classes />
    </Module>
    <Module skippedDueTo="Filter" hash="5A-95-53-F4-A0-9E-02-1E-05-51-92-5C-15-0E-24-0F-37-D0-BE-3C">
      <ModulePath>C:\Program Files\dotnet\shared\Microsoft.NETCore.App\2.1.3\System.Reflection.Emit.Lightweight.dll</ModulePath>
      <ModuleTime>2018-07-25T05:24:16Z</ModuleTime>
      <ModuleName>System.Reflection.Emit.Lightweight</ModuleName>
      <Classes />
    </Module>
    <Module skippedDueTo="Filter" hash="BA-B5-EF-4A-DC-8F-7F-0A-84-0F-CF-9A-6B-41-2A-D0-08-A7-8A-2B">
      <ModulePath>C:\Program Files\dotnet\shared\Microsoft.NETCore.App\2.1.3\System.Reflection.Primitives.dll</ModulePath>
      <ModuleTime>2018-07-25T05:24:16Z</ModuleTime>
      <ModuleName>System.Reflection.Primitives</ModuleName>
      <Classes />
    </Module>
    <Module skippedDueTo="MissingPdb" hash="AF-E1-32-02-A5-A3-4B-FF-50-1B-96-54-A8-FD-D0-31-4A-3C-14-2B">
      <ModulePath>C:\Program Files\dotnet\shared\Microsoft.NETCore.App\2.1.3\Microsoft.Win32.Registry.dll</ModulePath>
      <ModuleTime>2018-07-25T05:24:06Z</ModuleTime>
      <ModuleName>Microsoft.Win32.Registry</ModuleName>
      <Classes />
    </Module>
    <Module skippedDueTo="MissingPdb" hash="36-17-F0-61-2A-9F-52-EA-33-DC-DF-BD-34-E9-FB-DD-33-8F-6E-80">
      <ModulePath>C:\Program Files\dotnet\sdk\2.1.401\Microsoft.TemplateEngine.Utils.dll</ModulePath>
      <ModuleTime>2018-08-02T11:09:26Z</ModuleTime>
      <ModuleName>Microsoft.TemplateEngine.Utils</ModuleName>
      <Classes />
    </Module>
    <Module skippedDueTo="Filter" hash="7F-31-12-EA-4E-EB-E6-33-F1-A6-A9-B4-EA-66-05-1C-59-90-ED-A3">
      <ModulePath>C:\Program Files\dotnet\shared\Microsoft.NETCore.App\2.1.3\System.Diagnostics.Tools.dll</ModulePath>
      <ModuleTime>2018-07-25T05:24:10Z</ModuleTime>
      <ModuleName>System.Diagnostics.Tools</ModuleName>
      <Classes />
    </Module>
    <Module skippedDueTo="Filter" hash="46-98-B3-21-C4-D0-C5-61-CE-F4-B3-50-E0-50-98-33-24-AB-5C-44">
      <ModulePath>C:\Program Files\dotnet\shared\Microsoft.NETCore.App\2.1.3\System.Diagnostics.Debug.dll</ModulePath>
      <ModuleTime>2018-07-25T05:24:10Z</ModuleTime>
      <ModuleName>System.Diagnostics.Debug</ModuleName>
      <Classes />
    </Module>
    <Module skippedDueTo="Filter" hash="01-A0-DF-EF-5E-F9-53-D5-68-26-24-93-21-59-B6-15-2D-4B-F7-6A">
      <ModulePath>C:\Program Files\dotnet\shared\Microsoft.NETCore.App\2.1.3\System.Text.Encoding.dll</ModulePath>
      <ModuleTime>2018-07-25T05:24:18Z</ModuleTime>
      <ModuleName>System.Text.Encoding</ModuleName>
      <Classes />
    </Module>
    <Module skippedDueTo="Filter" hash="5E-E5-9F-E0-52-25-68-94-CF-FC-58-91-0E-43-A7-43-BD-83-13-9F">
      <ModulePath>C:\Program Files\dotnet\shared\Microsoft.NETCore.App\2.1.3\System.IO.Compression.dll</ModulePath>
      <ModuleTime>2018-07-25T05:24:10Z</ModuleTime>
      <ModuleName>System.IO.Compression</ModuleName>
      <Classes />
    </Module>
    <Module skippedDueTo="Filter" hash="12-DE-99-EB-19-3D-8B-7A-48-EA-BE-C3-2C-34-DD-27-DB-2A-BE-8C">
      <ModulePath>C:\Program Files\dotnet\shared\Microsoft.NETCore.App\2.1.3\System.Net.Http.dll</ModulePath>
      <ModuleTime>2018-07-25T05:24:12Z</ModuleTime>
      <ModuleName>System.Net.Http</ModuleName>
      <Classes />
    </Module>
    <Module skippedDueTo="Filter" hash="F9-31-AA-0F-D2-CD-2D-D4-35-EE-43-38-DE-92-A4-82-6D-A0-05-41">
      <ModulePath>C:\Program Files\dotnet\shared\Microsoft.NETCore.App\2.1.3\System.Net.Primitives.dll</ModulePath>
      <ModuleTime>2018-07-25T05:24:12Z</ModuleTime>
      <ModuleName>System.Net.Primitives</ModuleName>
      <Classes />
    </Module>
    <Module skippedDueTo="Filter" hash="CC-B3-4B-8D-26-70-B4-62-CF-26-B7-ED-DC-A4-34-F3-85-C1-E9-27">
      <ModulePath>C:\Program Files\dotnet\shared\Microsoft.NETCore.App\2.1.3\System.Net.Security.dll</ModulePath>
      <ModuleTime>2018-07-25T05:24:12Z</ModuleTime>
      <ModuleName>System.Net.Security</ModuleName>
      <Classes />
    </Module>
    <Module skippedDueTo="Filter" hash="0A-8B-B1-9B-AB-BB-29-4A-F7-6C-4F-AC-F6-A9-C8-93-05-AC-1A-92">
      <ModulePath>C:\Program Files\dotnet\shared\Microsoft.NETCore.App\2.1.3\System.Security.Cryptography.X509Certificates.dll</ModulePath>
      <ModuleTime>2018-07-25T05:24:18Z</ModuleTime>
      <ModuleName>System.Security.Cryptography.X509Certificates</ModuleName>
      <Classes />
    </Module>
    <Module skippedDueTo="MissingPdb" hash="84-E3-74-45-5B-B5-5A-8D-84-78-AC-75-F4-D2-AF-9A-26-92-52-1E">
      <ModulePath>C:\Program Files\dotnet\sdk\2.1.401\Microsoft.Build.Framework.dll</ModulePath>
      <ModuleTime>2018-08-02T11:09:06Z</ModuleTime>
      <ModuleName>Microsoft.Build.Framework</ModuleName>
      <Classes />
    </Module>
    <Module skippedDueTo="Filter" hash="1D-09-DB-10-58-0A-00-8A-63-F9-B5-6D-B3-1A-55-5D-55-EC-4B-48">
      <ModulePath>C:\Program Files\dotnet\shared\Microsoft.NETCore.App\2.1.3\System.ComponentModel.Primitives.dll</ModulePath>
      <ModuleTime>2018-07-25T05:24:08Z</ModuleTime>
      <ModuleName>System.ComponentModel.Primitives</ModuleName>
      <Classes />
    </Module>
    <Module skippedDueTo="Filter" hash="80-02-96-81-18-82-B5-17-0E-F0-D1-24-15-82-32-EB-04-E1-EF-8B">
      <ModulePath>C:\Program Files\dotnet\shared\Microsoft.NETCore.App\2.1.3\System.Diagnostics.DiagnosticSource.dll</ModulePath>
      <ModuleTime>2018-07-25T05:24:10Z</ModuleTime>
      <ModuleName>System.Diagnostics.DiagnosticSource</ModuleName>
      <Classes />
    </Module>
    <Module skippedDueTo="MissingPdb" hash="6F-0D-0D-5F-2D-24-54-D3-B8-D4-24-AB-57-1D-61-95-FE-14-B0-0A">
      <ModulePath>C:\Program Files\dotnet\shared\Microsoft.NETCore.App\2.1.3\Microsoft.Win32.Primitives.dll</ModulePath>
      <ModuleTime>2018-07-25T05:24:06Z</ModuleTime>
      <ModuleName>Microsoft.Win32.Primitives</ModuleName>
      <Classes />
    </Module>
    <Module skippedDueTo="Filter" hash="86-28-FD-85-40-08-D2-34-DA-6A-0F-6B-AB-D3-20-4F-0C-6E-E3-A6">
      <ModulePath>C:\Program Files\dotnet\shared\Microsoft.NETCore.App\2.1.3\System.Collections.NonGeneric.dll</ModulePath>
      <ModuleTime>2018-07-25T05:24:06Z</ModuleTime>
      <ModuleName>System.Collections.NonGeneric</ModuleName>
      <Classes />
    </Module>
    <Module skippedDueTo="Filter" hash="42-DD-AA-B5-9E-99-99-B6-78-39-FD-9B-B0-7E-AC-9B-A4-13-56-ED">
      <ModulePath>C:\Program Files\dotnet\shared\Microsoft.NETCore.App\2.1.3\System.Threading.Timer.dll</ModulePath>
      <ModuleTime>2018-07-25T05:24:18Z</ModuleTime>
      <ModuleName>System.Threading.Timer</ModuleName>
      <Classes />
    </Module>
    <Module skippedDueTo="Filter" hash="6B-E6-56-C2-BE-8D-97-9A-9E-F0-EC-B9-69-09-C9-6F-B6-D1-13-16">
      <ModulePath>C:\Program Files\dotnet\shared\Microsoft.NETCore.App\2.1.3\System.Net.NetworkInformation.dll</ModulePath>
      <ModuleTime>2018-07-25T05:24:12Z</ModuleTime>
      <ModuleName>System.Net.NetworkInformation</ModuleName>
      <Classes />
    </Module>
    <Module skippedDueTo="Filter" hash="C3-02-EF-9C-4E-C6-E3-D4-97-BC-DE-7D-D5-6A-72-20-AF-53-D6-98">
      <ModulePath>C:\Program Files\dotnet\shared\Microsoft.NETCore.App\2.1.3\System.Net.Sockets.dll</ModulePath>
      <ModuleTime>2018-07-25T05:24:14Z</ModuleTime>
      <ModuleName>System.Net.Sockets</ModuleName>
      <Classes />
    </Module>
    <Module skippedDueTo="Filter" hash="69-C0-B5-86-7C-6B-96-C9-8A-CD-6F-56-D1-5B-ED-5F-38-8E-C4-B2">
      <ModulePath>C:\Program Files\dotnet\shared\Microsoft.NETCore.App\2.1.3\System.Threading.Overlapped.dll</ModulePath>
      <ModuleTime>2018-07-25T05:24:18Z</ModuleTime>
      <ModuleName>System.Threading.Overlapped</ModuleName>
      <Classes />
    </Module>
    <Module skippedDueTo="Filter" hash="93-76-B0-B4-6B-B5-13-EB-51-44-71-35-9B-DE-AB-BC-CF-55-DF-28">
      <ModulePath>C:\Program Files\dotnet\shared\Microsoft.NETCore.App\2.1.3\System.Net.NameResolution.dll</ModulePath>
      <ModuleTime>2018-07-25T05:24:12Z</ModuleTime>
      <ModuleName>System.Net.NameResolution</ModuleName>
      <Classes />
    </Module>
    <Module skippedDueTo="Filter" hash="40-90-AE-61-6A-94-94-CB-9B-0C-CE-AC-44-90-3F-27-B5-69-65-3F">
      <ModulePath>C:\Program Files\dotnet\shared\Microsoft.NETCore.App\2.1.3\System.Private.CoreLib.dll</ModulePath>
      <ModuleTime>2018-07-25T05:24:18Z</ModuleTime>
      <ModuleName>System.Private.CoreLib</ModuleName>
      <Classes />
    </Module>
    <Module skippedDueTo="Filter" hash="EE-D6-E5-EB-A0-28-C5-50-D6-4D-52-23-DD-23-9D-81-F6-1B-D6-5C">
      <ModulePath>C:\Program Files\dotnet\shared\Microsoft.NETCore.App\2.1.3\System.Security.Principal.Windows.dll</ModulePath>
      <ModuleTime>2018-07-25T05:24:18Z</ModuleTime>
      <ModuleName>System.Security.Principal.Windows</ModuleName>
      <Classes />
    </Module>
    <Module skippedDueTo="Filter" hash="6D-60-F7-A6-F7-42-6B-00-42-99-09-5F-4F-2A-87-6F-15-A0-F8-D6">
      <ModulePath>C:\Program Files\dotnet\shared\Microsoft.NETCore.App\2.1.3\System.Security.Claims.dll</ModulePath>
      <ModuleTime>2018-07-25T05:24:16Z</ModuleTime>
      <ModuleName>System.Security.Claims</ModuleName>
      <Classes />
    </Module>
    <Module skippedDueTo="Filter" hash="6C-42-64-DA-CF-2D-00-72-BC-99-61-8F-53-69-56-19-E8-4C-97-E1">
      <ModulePath>C:\Program Files\dotnet\shared\Microsoft.NETCore.App\2.1.3\System.Security.Principal.dll</ModulePath>
      <ModuleTime>2018-07-25T05:24:18Z</ModuleTime>
      <ModuleName>System.Security.Principal</ModuleName>
      <Classes />
    </Module>
    <Module skippedDueTo="MissingPdb" hash="E0-B8-D3-20-D0-17-6D-AC-C7-12-0C-B5-E1-76-CE-60-A4-0B-7F-6F">
      <ModulePath>C:\Program Files\dotnet\sdk\2.1.401\MSBuild.dll</ModulePath>
      <ModuleTime>2018-08-02T11:11:58Z</ModuleTime>
      <ModuleName>MSBuild</ModuleName>
      <Classes />
    </Module>
    <Module skippedDueTo="Filter" hash="E1-11-97-FC-D9-E7-DA-EE-25-61-EE-72-28-CF-D1-40-37-2E-B8-9E">
      <ModulePath>C:\Program Files\dotnet\shared\Microsoft.NETCore.App\2.1.3\System.Runtime.dll</ModulePath>
      <ModuleTime>2018-07-25T05:24:16Z</ModuleTime>
      <ModuleName>System.Runtime</ModuleName>
      <Classes />
    </Module>
    <Module skippedDueTo="Filter" hash="70-36-89-DA-48-78-8A-5A-B3-21-A0-13-A2-19-4A-A3-57-F3-91-2B">
      <ModulePath>C:\Program Files\dotnet\shared\Microsoft.NETCore.App\2.1.3\System.Runtime.Extensions.dll</ModulePath>
      <ModuleTime>2018-07-25T05:24:16Z</ModuleTime>
      <ModuleName>System.Runtime.Extensions</ModuleName>
      <Classes />
    </Module>
    <Module skippedDueTo="Filter" hash="8B-6E-CE-AD-6C-A4-57-7F-9C-E4-D6-6F-D5-29-A9-8C-8B-48-B6-F2">
      <ModulePath>C:\Program Files\dotnet\shared\Microsoft.NETCore.App\2.1.3\System.Threading.dll</ModulePath>
      <ModuleTime>2018-07-25T05:24:18Z</ModuleTime>
      <ModuleName>System.Threading</ModuleName>
      <Classes />
    </Module>
    <Module skippedDueTo="Filter" hash="F6-DF-22-98-5D-53-8F-FB-0A-95-AF-0B-44-46-9C-BD-41-F1-DA-1C">
      <ModulePath>C:\Program Files\dotnet\shared\Microsoft.NETCore.App\2.1.3\System.Security.Cryptography.Encoding.dll</ModulePath>
      <ModuleTime>2018-07-25T05:24:16Z</ModuleTime>
      <ModuleName>System.Security.Cryptography.Encoding</ModuleName>
      <Classes />
    </Module>
    <Module skippedDueTo="Filter" hash="A9-D9-37-0E-E5-7A-7E-05-59-85-9B-B0-54-E6-AB-E9-88-8E-65-85">
      <ModulePath>C:\Program Files\dotnet\shared\Microsoft.NETCore.App\2.1.3\System.Runtime.InteropServices.RuntimeInformation.dll</ModulePath>
      <ModuleTime>2018-07-25T05:24:16Z</ModuleTime>
      <ModuleName>System.Runtime.InteropServices.RuntimeInformation</ModuleName>
      <Classes />
    </Module>
    <Module skippedDueTo="Filter" hash="BE-DF-33-D6-2D-5A-5F-55-B4-AF-5B-81-2F-32-BD-57-CF-1B-E9-B0">
      <ModulePath>C:\Program Files\dotnet\shared\Microsoft.NETCore.App\2.1.3\System.Linq.dll</ModulePath>
      <ModuleTime>2018-07-25T05:24:12Z</ModuleTime>
      <ModuleName>System.Linq</ModuleName>
      <Classes />
    </Module>
    <Module skippedDueTo="Filter" hash="4F-56-A2-9F-35-AA-25-F4-8B-8B-5D-6A-91-3D-58-51-20-87-0D-B8">
      <ModulePath>C:\Program Files\dotnet\shared\Microsoft.NETCore.App\2.1.3\System.Text.RegularExpressions.dll</ModulePath>
      <ModuleTime>2018-07-25T05:24:18Z</ModuleTime>
      <ModuleName>System.Text.RegularExpressions</ModuleName>
      <Classes />
    </Module>
    <Module skippedDueTo="Filter" hash="1A-63-FF-01-DF-BD-53-DF-64-2A-00-2D-65-FB-AD-17-C4-31-9A-24">
      <ModulePath>C:\Program Files\dotnet\shared\Microsoft.NETCore.App\2.1.3\System.Collections.dll</ModulePath>
      <ModuleTime>2018-07-25T05:24:08Z</ModuleTime>
      <ModuleName>System.Collections</ModuleName>
      <Classes />
    </Module>
    <Module skippedDueTo="Filter" hash="CB-E9-FC-A5-59-90-26-5C-DD-2D-79-7C-E0-0E-30-E7-F8-7C-CC-C2">
      <ModulePath>C:\Program Files\dotnet\shared\Microsoft.NETCore.App\2.1.3\System.Buffers.dll</ModulePath>
      <ModuleTime>2018-07-25T05:24:06Z</ModuleTime>
      <ModuleName>System.Buffers</ModuleName>
      <Classes />
    </Module>
    <Module skippedDueTo="Filter" hash="BB-8B-DB-02-CA-A6-8C-40-68-A1-05-5C-3E-34-B8-44-88-F7-9D-DE">
      <ModulePath>C:\Program Files\dotnet\shared\Microsoft.NETCore.App\2.1.3\System.Threading.ThreadPool.dll</ModulePath>
      <ModuleTime>2018-07-25T05:24:18Z</ModuleTime>
      <ModuleName>System.Threading.ThreadPool</ModuleName>
      <Classes />
    </Module>
    <Module skippedDueTo="Filter" hash="A5-97-C8-15-AF-54-A9-14-B3-67-01-92-9F-EB-69-53-95-58-1D-DA">
      <ModulePath>C:\Program Files\dotnet\shared\Microsoft.NETCore.App\2.1.3\System.IO.FileSystem.dll</ModulePath>
      <ModuleTime>2018-07-25T05:24:10Z</ModuleTime>
      <ModuleName>System.IO.FileSystem</ModuleName>
      <Classes />
    </Module>
    <Module skippedDueTo="Filter" hash="51-80-DD-CB-9B-6D-8B-C2-11-82-F0-CF-E2-83-52-85-4F-43-2F-B9">
      <ModulePath>C:\Program Files\dotnet\shared\Microsoft.NETCore.App\2.1.3\System.Memory.dll</ModulePath>
      <ModuleTime>2018-07-25T05:24:12Z</ModuleTime>
      <ModuleName>System.Memory</ModuleName>
      <Classes />
    </Module>
    <Module skippedDueTo="Filter" hash="29-22-08-DC-69-1F-BC-56-9E-B9-7E-70-6C-AD-4F-34-73-D7-B2-E7">
      <ModulePath>C:\Program Files\dotnet\shared\Microsoft.NETCore.App\2.1.3\System.Runtime.InteropServices.dll</ModulePath>
      <ModuleTime>2018-07-25T05:24:16Z</ModuleTime>
      <ModuleName>System.Runtime.InteropServices</ModuleName>
      <Classes />
    </Module>
    <Module skippedDueTo="Filter" hash="53-B1-D5-DB-8A-65-9B-96-1C-4A-C6-F1-C3-2D-88-22-1B-AF-1E-7D">
      <ModulePath>C:\Program Files\dotnet\shared\Microsoft.NETCore.App\2.1.3\System.Console.dll</ModulePath>
      <ModuleTime>2018-07-25T05:24:08Z</ModuleTime>
      <ModuleName>System.Console</ModuleName>
      <Classes />
    </Module>
    <Module skippedDueTo="Filter" hash="5A-2B-54-AE-41-22-53-E3-0F-E6-68-F0-B8-D0-A8-20-53-19-AB-A2">
      <ModulePath>C:\Program Files\dotnet\shared\Microsoft.NETCore.App\2.1.3\System.Diagnostics.Process.dll</ModulePath>
      <ModuleTime>2018-07-25T05:24:10Z</ModuleTime>
      <ModuleName>System.Diagnostics.Process</ModuleName>
      <Classes />
    </Module>
    <Module skippedDueTo="Filter" hash="1D-09-DB-10-58-0A-00-8A-63-F9-B5-6D-B3-1A-55-5D-55-EC-4B-48">
      <ModulePath>C:\Program Files\dotnet\shared\Microsoft.NETCore.App\2.1.3\System.ComponentModel.Primitives.dll</ModulePath>
      <ModuleTime>2018-07-25T05:24:08Z</ModuleTime>
      <ModuleName>System.ComponentModel.Primitives</ModuleName>
      <Classes />
    </Module>
    <Module skippedDueTo="MissingPdb" hash="84-E3-74-45-5B-B5-5A-8D-84-78-AC-75-F4-D2-AF-9A-26-92-52-1E">
      <ModulePath>C:\Program Files\dotnet\sdk\2.1.401\Microsoft.Build.Framework.dll</ModulePath>
      <ModuleTime>2018-08-02T11:09:06Z</ModuleTime>
      <ModuleName>Microsoft.Build.Framework</ModuleName>
      <Classes />
    </Module>
    <Module skippedDueTo="MissingPdb" hash="86-73-15-4E-7E-56-87-16-8E-93-70-84-48-D5-36-74-91-45-6F-B2">
      <ModulePath>C:\Program Files\dotnet\shared\Microsoft.NETCore.App\2.1.3\netstandard.dll</ModulePath>
      <ModuleTime>2018-07-25T05:24:18Z</ModuleTime>
      <ModuleName>netstandard</ModuleName>
      <Classes />
    </Module>
    <Module skippedDueTo="MissingPdb" hash="FE-D1-B1-6F-C7-5D-96-0C-AE-EE-D9-9C-C1-66-CB-70-7A-67-04-C7">
      <ModulePath>C:\Program Files\dotnet\sdk\2.1.401\Microsoft.Build.dll</ModulePath>
      <ModuleTime>2018-08-02T11:09:10Z</ModuleTime>
      <ModuleName>Microsoft.Build</ModuleName>
      <Classes />
    </Module>
    <Module skippedDueTo="Filter" hash="80-F2-C4-27-9E-BA-F2-18-FD-50-70-38-7B-F7-0F-62-8D-76-59-D7">
      <ModulePath>C:\Program Files\dotnet\sdk\2.1.401\runtimes\win\lib\netcoreapp2.0\System.Text.Encoding.CodePages.dll</ModulePath>
      <ModuleTime>2018-08-02T11:09:12Z</ModuleTime>
      <ModuleName>System.Text.Encoding.CodePages</ModuleName>
      <Classes />
    </Module>
    <Module skippedDueTo="Filter" hash="BD-0C-D9-67-BC-71-3E-2B-A9-21-E7-D1-66-7C-8A-C9-E0-9A-7F-93">
      <ModulePath>C:\Program Files\dotnet\shared\Microsoft.NETCore.App\2.1.3\System.Collections.Concurrent.dll</ModulePath>
      <ModuleTime>2018-07-25T05:24:06Z</ModuleTime>
      <ModuleName>System.Collections.Concurrent</ModuleName>
      <Classes />
    </Module>
    <Module skippedDueTo="MissingPdb" hash="79-59-AB-B5-FF-9F-8D-16-27-33-7A-15-2A-86-C2-D0-1F-65-C9-08">
      <ModulePath>C:\Program Files\dotnet\sdk\2.1.401\dotnet.dll</ModulePath>
      <ModuleTime>2018-08-02T11:08:20Z</ModuleTime>
      <ModuleName>dotnet</ModuleName>
      <Classes />
    </Module>
    <Module skippedDueTo="MissingPdb" hash="81-B5-97-DB-22-C3-33-74-65-A7-9A-2F-1A-3F-A2-99-39-9C-17-00">
      <ModulePath>C:\Program Files\dotnet\sdk\2.1.401\Microsoft.DotNet.Tools.MigrateCommand.dll</ModulePath>
      <ModuleTime>2018-08-02T11:09:06Z</ModuleTime>
      <ModuleName>Microsoft.DotNet.Tools.MigrateCommand</ModuleName>
      <Classes />
    </Module>
    <Module skippedDueTo="MissingPdb" hash="B2-4D-05-54-9B-0D-2B-F2-CF-EF-8E-17-86-3E-83-AB-33-98-00-09">
      <ModulePath>C:\Program Files\dotnet\sdk\2.1.401\Microsoft.DotNet.Configurer.dll</ModulePath>
      <ModuleTime>2018-08-02T11:08:56Z</ModuleTime>
      <ModuleName>Microsoft.DotNet.Configurer</ModuleName>
      <Classes />
    </Module>
    <Module skippedDueTo="MissingPdb" hash="59-29-15-0F-26-02-AC-AB-9B-E6-28-67-D8-F3-23-82-F1-3A-6A-5B">
      <ModulePath>C:\Program Files\dotnet\sdk\2.1.401\Microsoft.DotNet.Cli.Utils.dll</ModulePath>
      <ModuleTime>2018-08-02T11:09:08Z</ModuleTime>
      <ModuleName>Microsoft.DotNet.Cli.Utils</ModuleName>
      <Classes />
    </Module>
    <Module skippedDueTo="MissingPdb" hash="3B-BA-41-BC-E3-82-D7-02-BF-B9-A0-35-86-3B-77-41-FD-71-9C-91">
      <ModulePath>C:\Program Files\dotnet\sdk\2.1.401\NuGet.Frameworks.dll</ModulePath>
      <ModuleTime>2018-08-02T11:11:04Z</ModuleTime>
      <ModuleName>NuGet.Frameworks</ModuleName>
      <Classes />
    </Module>
    <Module skippedDueTo="MissingPdb" hash="DB-48-4F-69-43-07-AB-3F-7F-92-22-41-94-E6-3C-31-98-16-2A-1C">
      <ModulePath>C:\Program Files\dotnet\sdk\2.1.401\Microsoft.DotNet.InternalAbstractions.dll</ModulePath>
      <ModuleTime>2018-08-02T11:09:08Z</ModuleTime>
      <ModuleName>Microsoft.DotNet.InternalAbstractions</ModuleName>
      <Classes />
    </Module>
    <Module skippedDueTo="Filter" hash="1E-F7-7B-AC-57-02-22-29-E1-E9-0A-34-8A-0A-E1-6E-3F-4D-F1-BC">
      <ModulePath>C:\Program Files\dotnet\shared\Microsoft.NETCore.App\2.1.3\System.IO.FileSystem.Primitives.dll</ModulePath>
      <ModuleTime>2018-07-25T05:24:10Z</ModuleTime>
      <ModuleName>System.IO.FileSystem.Primitives</ModuleName>
      <Classes />
    </Module>
    <Module skippedDueTo="MissingPdb" hash="25-0A-F2-15-19-EE-E7-6B-78-2B-9E-40-09-09-19-86-22-C8-E6-67">
      <ModulePath>C:\Program Files\dotnet\sdk\2.1.401\Microsoft.ApplicationInsights.dll</ModulePath>
      <ModuleTime>2018-08-02T11:08:58Z</ModuleTime>
      <ModuleName>Microsoft.ApplicationInsights</ModuleName>
      <Classes />
    </Module>
    <Module skippedDueTo="Filter" hash="BE-77-19-63-51-FC-DB-A2-9E-15-F6-B4-A7-8B-98-4E-39-41-27-03">
      <ModulePath>C:\Program Files\dotnet\shared\Microsoft.NETCore.App\2.1.3\System.Text.Encoding.Extensions.dll</ModulePath>
      <ModuleTime>2018-07-25T05:24:18Z</ModuleTime>
      <ModuleName>System.Text.Encoding.Extensions</ModuleName>
      <Classes />
    </Module>
    <Module skippedDueTo="MissingPdb" hash="CF-F5-56-62-0D-43-0B-30-50-EE-FA-6B-2A-C6-E3-FA-FE-EA-AF-ED">
      <ModulePath>C:\Program Files\dotnet\sdk\2.1.401\Microsoft.DotNet.PlatformAbstractions.dll</ModulePath>
      <ModuleTime>2018-08-02T11:09:48Z</ModuleTime>
      <ModuleName>Microsoft.DotNet.PlatformAbstractions</ModuleName>
      <Classes />
    </Module>
    <Module skippedDueTo="Filter" hash="A3-67-F9-63-EB-F8-B7-44-1E-E1-D4-1E-C4-6B-73-38-9B-31-69-CC">
      <ModulePath>C:\Program Files\dotnet\shared\Microsoft.NETCore.App\2.1.3\System.Reflection.Extensions.dll</ModulePath>
      <ModuleTime>2018-07-25T05:24:16Z</ModuleTime>
      <ModuleName>System.Reflection.Extensions</ModuleName>
      <Classes />
    </Module>
    <Module skippedDueTo="Filter" hash="48-E4-66-39-80-8B-FD-40-93-7F-51-A1-6C-05-2E-CA-75-8B-38-06">
      <ModulePath>C:\Program Files\dotnet\shared\Microsoft.NETCore.App\2.1.3\System.Reflection.dll</ModulePath>
      <ModuleTime>2018-07-25T05:24:16Z</ModuleTime>
      <ModuleName>System.Reflection</ModuleName>
      <Classes />
    </Module>
    <Module skippedDueTo="Filter" hash="03-95-BA-1F-B5-60-61-8F-F5-30-D1-6B-64-B0-99-E8-4E-3E-9C-80">
      <ModulePath>C:\Program Files\dotnet\shared\Microsoft.NETCore.App\2.1.3\System.Xml.XDocument.dll</ModulePath>
      <ModuleTime>2018-07-25T05:24:18Z</ModuleTime>
      <ModuleName>System.Xml.XDocument</ModuleName>
      <Classes />
    </Module>
    <Module skippedDueTo="Filter" hash="97-68-59-97-7D-81-1F-E1-29-A1-BB-49-E4-B4-02-4F-F5-31-A7-CA">
      <ModulePath>C:\Program Files\dotnet\shared\Microsoft.NETCore.App\2.1.3\System.Private.Xml.Linq.dll</ModulePath>
      <ModuleTime>2018-07-25T05:24:14Z</ModuleTime>
      <ModuleName>System.Private.Xml.Linq</ModuleName>
      <Classes />
    </Module>
    <Module skippedDueTo="Filter" hash="52-DC-78-9D-68-B1-43-4E-FA-AD-31-C5-5C-0D-C6-D8-27-08-23-BD">
      <ModulePath>C:\Program Files\dotnet\shared\Microsoft.NETCore.App\2.1.3\System.Private.Xml.dll</ModulePath>
      <ModuleTime>2018-07-25T05:24:14Z</ModuleTime>
      <ModuleName>System.Private.Xml</ModuleName>
      <Classes />
    </Module>
    <Module skippedDueTo="Filter" hash="D1-8B-DD-5D-72-BB-59-91-D4-CC-75-78-3F-7F-80-DC-4F-73-FC-11">
      <ModulePath>C:\Program Files\dotnet\shared\Microsoft.NETCore.App\2.1.3\System.Xml.ReaderWriter.dll</ModulePath>
      <ModuleTime>2018-07-25T05:24:18Z</ModuleTime>
      <ModuleName>System.Xml.ReaderWriter</ModuleName>
      <Classes />
    </Module>
    <Module skippedDueTo="Filter" hash="36-FC-21-3C-73-CA-1B-2B-55-53-7F-7D-93-57-DA-63-BE-7E-E7-F3">
      <ModulePath>C:\Program Files\dotnet\shared\Microsoft.NETCore.App\2.1.3\System.Diagnostics.Tracing.dll</ModulePath>
      <ModuleTime>2018-07-25T05:24:10Z</ModuleTime>
      <ModuleName>System.Diagnostics.Tracing</ModuleName>
      <Classes />
    </Module>
    <Module skippedDueTo="Filter" hash="C2-49-7A-11-08-AD-6F-1B-3A-C5-73-0B-37-87-80-B4-A0-6C-06-1A">
      <ModulePath>C:\Program Files\dotnet\shared\Microsoft.NETCore.App\2.1.3\System.Private.Uri.dll</ModulePath>
      <ModuleTime>2018-07-25T05:24:14Z</ModuleTime>
      <ModuleName>System.Private.Uri</ModuleName>
      <Classes />
    </Module>
    <Module skippedDueTo="Filter" hash="F5-07-11-CB-DB-B9-71-B6-EB-09-65-CD-EA-00-E1-07-BD-C6-A7-D3">
      <ModulePath>C:\Program Files\dotnet\shared\Microsoft.NETCore.App\2.1.3\System.Threading.Tasks.dll</ModulePath>
      <ModuleTime>2018-07-25T05:24:18Z</ModuleTime>
      <ModuleName>System.Threading.Tasks</ModuleName>
      <Classes />
    </Module>
    <Module skippedDueTo="Filter" hash="CD-6E-17-B8-D5-40-EF-3E-FD-9F-A6-86-DF-F7-DE-D4-FD-A8-85-BB">
      <ModulePath>C:\Program Files\dotnet\shared\Microsoft.NETCore.App\2.1.3\System.Globalization.dll</ModulePath>
      <ModuleTime>2018-07-25T05:24:10Z</ModuleTime>
      <ModuleName>System.Globalization</ModuleName>
      <Classes />
    </Module>
    <Module skippedDueTo="Filter" hash="B1-0D-73-48-22-0D-70-E9-4A-87-FB-48-3B-DA-2C-22-B7-7E-0E-0E">
      <ModulePath>C:\Program Files\dotnet\shared\Microsoft.NETCore.App\2.1.3\System.Threading.Tasks.Dataflow.dll</ModulePath>
      <ModuleTime>2018-07-25T05:24:18Z</ModuleTime>
      <ModuleName>System.Threading.Tasks.Dataflow</ModuleName>
      <Classes />
    </Module>
    <Module skippedDueTo="Filter" hash="EB-CB-84-87-26-08-C1-24-58-B9-88-C7-A4-0D-A1-13-CF-CE-62-2F">
      <ModulePath>C:\Program Files\dotnet\shared\Microsoft.NETCore.App\2.1.3\System.Security.Cryptography.Algorithms.dll</ModulePath>
      <ModuleTime>2018-07-25T05:24:16Z</ModuleTime>
      <ModuleName>System.Security.Cryptography.Algorithms</ModuleName>
      <Classes />
    </Module>
    <Module skippedDueTo="Filter" hash="9A-C4-75-F6-BD-F1-14-67-BA-77-C7-28-C0-A5-C0-EB-54-32-03-2A">
      <ModulePath>C:\Program Files\dotnet\shared\Microsoft.NETCore.App\2.1.3\System.Security.Cryptography.Primitives.dll</ModulePath>
      <ModuleTime>2018-07-25T05:24:18Z</ModuleTime>
      <ModuleName>System.Security.Cryptography.Primitives</ModuleName>
      <Classes />
    </Module>
    <Module skippedDueTo="MissingPdb" hash="AF-E1-32-02-A5-A3-4B-FF-50-1B-96-54-A8-FD-D0-31-4A-3C-14-2B">
      <ModulePath>C:\Program Files\dotnet\shared\Microsoft.NETCore.App\2.1.3\Microsoft.Win32.Registry.dll</ModulePath>
      <ModuleTime>2018-07-25T05:24:06Z</ModuleTime>
      <ModuleName>Microsoft.Win32.Registry</ModuleName>
      <Classes />
    </Module>
    <Module skippedDueTo="Filter" hash="A0-76-61-AA-70-7A-84-48-63-DA-37-72-1A-31-3D-1D-D1-CD-38-AF">
      <ModulePath>C:\Program Files\dotnet\shared\Microsoft.NETCore.App\2.1.3\System.Resources.ResourceManager.dll</ModulePath>
      <ModuleTime>2018-07-25T05:24:16Z</ModuleTime>
      <ModuleName>System.Resources.ResourceManager</ModuleName>
      <Classes />
    </Module>
    <Module skippedDueTo="Filter" hash="1E-2C-E8-E0-67-6F-11-47-FF-1A-5A-2A-45-4F-5E-1F-B3-D2-96-99">
      <ModulePath>C:\Program Files\dotnet\shared\Microsoft.NETCore.App\2.1.3\System.ObjectModel.dll</ModulePath>
      <ModuleTime>2018-07-25T05:24:14Z</ModuleTime>
      <ModuleName>System.ObjectModel</ModuleName>
      <Classes />
    </Module>
    <Module skippedDueTo="Filter" hash="D9-40-2C-A7-24-35-E5-C3-32-14-F3-53-56-49-41-8C-26-37-61-A8">
      <ModulePath>C:\Program Files\dotnet\shared\Microsoft.NETCore.App\2.1.3\System.Threading.Thread.dll</ModulePath>
      <ModuleTime>2018-07-25T05:24:18Z</ModuleTime>
      <ModuleName>System.Threading.Thread</ModuleName>
      <Classes />
    </Module>
    <Module skippedDueTo="Filter" hash="94-26-4B-DA-AB-44-24-26-60-0F-37-48-EB-85-21-87-E3-F0-9C-D9">
      <ModulePath>C:\Program Files\dotnet\shared\Microsoft.NETCore.App\2.1.3\System.Diagnostics.TraceSource.dll</ModulePath>
      <ModuleTime>2018-07-25T05:24:10Z</ModuleTime>
      <ModuleName>System.Diagnostics.TraceSource</ModuleName>
      <Classes />
    </Module>
    <Module skippedDueTo="Filter" hash="F0-DB-74-9C-3B-8E-DE-D8-F2-D2-46-18-70-EC-21-ED-44-75-38-E8">
      <ModulePath>C:\Program Files\dotnet\shared\Microsoft.NETCore.App\2.1.3\System.Collections.Immutable.dll</ModulePath>
      <ModuleTime>2018-07-25T05:24:06Z</ModuleTime>
      <ModuleName>System.Collections.Immutable</ModuleName>
      <Classes />
    </Module>
    <Module skippedDueTo="Filter" hash="E2-71-3F-12-FB-E6-17-B3-0E-33-4E-6F-70-92-C1-4F-CA-1E-E4-7F">
      <ModulePath>C:\Program Files\dotnet\shared\Microsoft.NETCore.App\2.1.3\System.Runtime.Serialization.Xml.dll</ModulePath>
      <ModuleTime>2018-07-25T05:24:16Z</ModuleTime>
      <ModuleName>System.Runtime.Serialization.Xml</ModuleName>
      <Classes />
    </Module>
    <Module skippedDueTo="Filter" hash="67-BB-DC-6A-90-A8-75-8C-A5-4F-82-59-15-DB-A3-2B-FD-D2-44-EA">
      <ModulePath>C:\Program Files\dotnet\shared\Microsoft.NETCore.App\2.1.3\System.Private.DataContractSerialization.dll</ModulePath>
      <ModuleTime>2018-07-25T05:24:14Z</ModuleTime>
      <ModuleName>System.Private.DataContractSerialization</ModuleName>
      <Classes />
    </Module>
    <Module skippedDueTo="Filter" hash="BA-1B-85-B4-D3-0C-9E-FD-15-94-44-28-B0-22-2B-2F-E8-E3-9D-AE">
      <ModulePath>C:\Program Files\dotnet\shared\Microsoft.NETCore.App\2.1.3\System.Runtime.Serialization.Primitives.dll</ModulePath>
      <ModuleTime>2018-07-25T05:24:16Z</ModuleTime>
      <ModuleName>System.Runtime.Serialization.Primitives</ModuleName>
      <Classes />
    </Module>
    <Module skippedDueTo="Filter" hash="4A-7D-E4-B8-E1-03-8B-97-3B-89-62-F3-FD-7D-68-16-B5-45-A6-14">
      <ModulePath>C:\Program Files\dotnet\shared\Microsoft.NETCore.App\2.1.3\System.Reflection.Emit.ILGeneration.dll</ModulePath>
      <ModuleTime>2018-07-25T05:24:16Z</ModuleTime>
      <ModuleName>System.Reflection.Emit.ILGeneration</ModuleName>
      <Classes />
    </Module>
    <Module skippedDueTo="Filter" hash="5A-95-53-F4-A0-9E-02-1E-05-51-92-5C-15-0E-24-0F-37-D0-BE-3C">
      <ModulePath>C:\Program Files\dotnet\shared\Microsoft.NETCore.App\2.1.3\System.Reflection.Emit.Lightweight.dll</ModulePath>
      <ModuleTime>2018-07-25T05:24:16Z</ModuleTime>
      <ModuleName>System.Reflection.Emit.Lightweight</ModuleName>
      <Classes />
    </Module>
    <Module skippedDueTo="Filter" hash="BA-B5-EF-4A-DC-8F-7F-0A-84-0F-CF-9A-6B-41-2A-D0-08-A7-8A-2B">
      <ModulePath>C:\Program Files\dotnet\shared\Microsoft.NETCore.App\2.1.3\System.Reflection.Primitives.dll</ModulePath>
      <ModuleTime>2018-07-25T05:24:16Z</ModuleTime>
      <ModuleName>System.Reflection.Primitives</ModuleName>
      <Classes />
    </Module>
    <Module skippedDueTo="Filter" hash="AB-C6-50-37-FE-95-3A-9B-D4-5D-A2-23-BD-DF-AB-C2-5A-E7-4C-25">
      <ModulePath>C:\Program Files\dotnet\shared\Microsoft.NETCore.App\2.1.3\System.Runtime.Serialization.Formatters.dll</ModulePath>
      <ModuleTime>2018-07-25T05:24:16Z</ModuleTime>
      <ModuleName>System.Runtime.Serialization.Formatters</ModuleName>
      <Classes />
    </Module>
    <Module skippedDueTo="Filter" hash="72-BC-CF-7D-3C-12-AE-97-AD-97-A9-D2-4E-F7-ED-A0-5B-D6-C2-62">
      <ModulePath>C:\Program Files\dotnet\shared\Microsoft.NETCore.App\2.1.3\System.Runtime.Loader.dll</ModulePath>
      <ModuleTime>2018-07-25T05:24:16Z</ModuleTime>
      <ModuleName>System.Runtime.Loader</ModuleName>
      <Classes />
    </Module>
    <Module skippedDueTo="MissingPdb" hash="68-B2-AD-E1-B3-5D-BA-5C-D3-1D-EA-77-26-13-A3-02-53-FC-69-93">
      <ModulePath>C:\Program Files\dotnet\sdk\2.1.401\Microsoft.Build.NuGetSdkResolver.dll</ModulePath>
      <ModuleTime>2018-08-02T11:09:06Z</ModuleTime>
      <ModuleName>Microsoft.Build.NuGetSdkResolver</ModuleName>
      <Classes />
    </Module>
    <Module skippedDueTo="Filter" hash="13-1A-B6-30-65-FA-FF-59-A0-62-77-4F-B9-F3-79-AC-9D-60-5F-2B">
      <ModulePath>C:\Program Files\dotnet\shared\Microsoft.NETCore.App\2.1.3\System.Diagnostics.FileVersionInfo.dll</ModulePath>
      <ModuleTime>2018-07-25T05:24:10Z</ModuleTime>
      <ModuleName>System.Diagnostics.FileVersionInfo</ModuleName>
      <Classes />
    </Module>
    <Module skippedDueTo="Filter" hash="82-FF-66-9D-D7-BD-CF-FA-F2-67-D8-9D-5D-8B-8D-D7-D2-70-19-73">
      <ModulePath>C:\Program Files\dotnet\shared\Microsoft.NETCore.App\2.1.3\System.Threading.Tasks.Parallel.dll</ModulePath>
      <ModuleTime>2018-07-25T05:24:18Z</ModuleTime>
      <ModuleName>System.Threading.Tasks.Parallel</ModuleName>
      <Classes />
    </Module>
    <Module skippedDueTo="MissingPdb" hash="F6-15-EC-5A-D8-3E-25-50-5B-B1-C6-3A-33-CD-8C-EC-F4-56-AB-BE">
      <ModulePath>C:\Program Files\dotnet\sdk\2.1.401\Microsoft.Build.Utilities.Core.dll</ModulePath>
      <ModuleTime>2018-08-02T11:09:48Z</ModuleTime>
      <ModuleName>Microsoft.Build.Utilities.Core</ModuleName>
      <Classes />
    </Module>
    <Module skippedDueTo="MissingPdb" hash="45-28-C2-0B-F3-51-5A-1C-BC-11-FA-A9-3E-F3-39-9A-9C-42-09-41">
      <ModulePath>C:\Program Files\dotnet\sdk\2.1.401\Microsoft.Build.Tasks.Core.dll</ModulePath>
      <ModuleTime>2018-08-02T11:09:08Z</ModuleTime>
      <ModuleName>Microsoft.Build.Tasks.Core</ModuleName>
      <Classes />
    </Module>
    <Module skippedDueTo="MissingPdb" hash="E0-1D-A1-9C-57-61-F9-97-A7-56-3E-11-FA-B7-CE-7B-D8-53-7C-08">
      <ModulePath>C:\Program Files\dotnet\sdk\2.1.401\Microsoft.TestPlatform.Build.dll</ModulePath>
      <ModuleTime>2018-08-02T11:09:46Z</ModuleTime>
      <ModuleName>Microsoft.TestPlatform.Build</ModuleName>
      <Classes />
    </Module>
    <Module skippedDueTo="MissingPdb" hash="6F-0D-0D-5F-2D-24-54-D3-B8-D4-24-AB-57-1D-61-95-FE-14-B0-0A">
      <ModulePath>C:\Program Files\dotnet\shared\Microsoft.NETCore.App\2.1.3\Microsoft.Win32.Primitives.dll</ModulePath>
      <ModuleTime>2018-07-25T05:24:06Z</ModuleTime>
      <ModuleName>Microsoft.Win32.Primitives</ModuleName>
      <Classes />
    </Module>
    <Module skippedDueTo="Filter" hash="40-90-AE-61-6A-94-94-CB-9B-0C-CE-AC-44-90-3F-27-B5-69-65-3F">
      <ModulePath>C:\Program Files\dotnet\shared\Microsoft.NETCore.App\2.1.3\System.Private.CoreLib.dll</ModulePath>
      <ModuleTime>2018-07-25T05:24:18Z</ModuleTime>
      <ModuleName>System.Private.CoreLib</ModuleName>
      <Classes />
    </Module>
    <Module skippedDueTo="MissingPdb" hash="9C-92-E8-B7-C3-E4-E3-B7-68-F9-DD-D4-9C-40-E7-33-8C-27-92-44">
      <ModulePath>C:\Program Files\dotnet\sdk\2.1.401\vstest.console.dll</ModulePath>
      <ModuleTime>2018-08-02T11:14:02Z</ModuleTime>
      <ModuleName>vstest.console</ModuleName>
      <Classes />
    </Module>
    <Module skippedDueTo="Filter" hash="E1-11-97-FC-D9-E7-DA-EE-25-61-EE-72-28-CF-D1-40-37-2E-B8-9E">
      <ModulePath>C:\Program Files\dotnet\shared\Microsoft.NETCore.App\2.1.3\System.Runtime.dll</ModulePath>
      <ModuleTime>2018-07-25T05:24:16Z</ModuleTime>
      <ModuleName>System.Runtime</ModuleName>
      <Classes />
    </Module>
    <Module skippedDueTo="Filter" hash="5A-2B-54-AE-41-22-53-E3-0F-E6-68-F0-B8-D0-A8-20-53-19-AB-A2">
      <ModulePath>C:\Program Files\dotnet\shared\Microsoft.NETCore.App\2.1.3\System.Diagnostics.Process.dll</ModulePath>
      <ModuleTime>2018-07-25T05:24:10Z</ModuleTime>
      <ModuleName>System.Diagnostics.Process</ModuleName>
      <Classes />
    </Module>
    <Module skippedDueTo="Filter" hash="1D-09-DB-10-58-0A-00-8A-63-F9-B5-6D-B3-1A-55-5D-55-EC-4B-48">
      <ModulePath>C:\Program Files\dotnet\shared\Microsoft.NETCore.App\2.1.3\System.ComponentModel.Primitives.dll</ModulePath>
      <ModuleTime>2018-07-25T05:24:08Z</ModuleTime>
      <ModuleName>System.ComponentModel.Primitives</ModuleName>
      <Classes />
    </Module>
    <Module skippedDueTo="Filter" hash="70-36-89-DA-48-78-8A-5A-B3-21-A0-13-A2-19-4A-A3-57-F3-91-2B">
      <ModulePath>C:\Program Files\dotnet\shared\Microsoft.NETCore.App\2.1.3\System.Runtime.Extensions.dll</ModulePath>
      <ModuleTime>2018-07-25T05:24:16Z</ModuleTime>
      <ModuleName>System.Runtime.Extensions</ModuleName>
      <Classes />
    </Module>
    <Module skippedDueTo="MissingPdb" hash="7D-F1-F5-EC-CF-AA-7E-BF-C9-A9-68-DD-97-DF-EA-A6-3C-9D-1E-CA">
      <ModulePath>C:\Program Files\dotnet\sdk\2.1.401\Microsoft.TestPlatform.CoreUtilities.dll</ModulePath>
      <ModuleTime>2018-08-02T11:09:06Z</ModuleTime>
      <ModuleName>Microsoft.TestPlatform.CoreUtilities</ModuleName>
      <Classes />
    </Module>
    <Module skippedDueTo="Filter" hash="46-98-B3-21-C4-D0-C5-61-CE-F4-B3-50-E0-50-98-33-24-AB-5C-44">
      <ModulePath>C:\Program Files\dotnet\shared\Microsoft.NETCore.App\2.1.3\System.Diagnostics.Debug.dll</ModulePath>
      <ModuleTime>2018-07-25T05:24:10Z</ModuleTime>
      <ModuleName>System.Diagnostics.Debug</ModuleName>
      <Classes />
    </Module>
    <Module skippedDueTo="Filter" hash="D9-40-2C-A7-24-35-E5-C3-32-14-F3-53-56-49-41-8C-26-37-61-A8">
      <ModulePath>C:\Program Files\dotnet\shared\Microsoft.NETCore.App\2.1.3\System.Threading.Thread.dll</ModulePath>
      <ModuleTime>2018-07-25T05:24:18Z</ModuleTime>
      <ModuleName>System.Threading.Thread</ModuleName>
      <Classes />
    </Module>
    <Module skippedDueTo="Filter" hash="8B-6E-CE-AD-6C-A4-57-7F-9C-E4-D6-6F-D5-29-A9-8C-8B-48-B6-F2">
      <ModulePath>C:\Program Files\dotnet\shared\Microsoft.NETCore.App\2.1.3\System.Threading.dll</ModulePath>
      <ModuleTime>2018-07-25T05:24:18Z</ModuleTime>
      <ModuleName>System.Threading</ModuleName>
      <Classes />
    </Module>
    <Module skippedDueTo="Filter" hash="53-B1-D5-DB-8A-65-9B-96-1C-4A-C6-F1-C3-2D-88-22-1B-AF-1E-7D">
      <ModulePath>C:\Program Files\dotnet\shared\Microsoft.NETCore.App\2.1.3\System.Console.dll</ModulePath>
      <ModuleTime>2018-07-25T05:24:08Z</ModuleTime>
      <ModuleName>System.Console</ModuleName>
      <Classes />
    </Module>
    <Module skippedDueTo="Filter" hash="F1-6E-A3-43-48-90-7E-33-59-08-9F-5F-C2-88-78-FE-D3-D5-26-84">
      <ModulePath>C:\Program Files\dotnet\shared\Microsoft.NETCore.App\2.1.3\System.IO.dll</ModulePath>
      <ModuleTime>2018-07-25T05:24:12Z</ModuleTime>
      <ModuleName>System.IO</ModuleName>
      <Classes />
    </Module>
    <Module skippedDueTo="Filter" hash="BE-77-19-63-51-FC-DB-A2-9E-15-F6-B4-A7-8B-98-4E-39-41-27-03">
      <ModulePath>C:\Program Files\dotnet\shared\Microsoft.NETCore.App\2.1.3\System.Text.Encoding.Extensions.dll</ModulePath>
      <ModuleTime>2018-07-25T05:24:18Z</ModuleTime>
      <ModuleName>System.Text.Encoding.Extensions</ModuleName>
      <Classes />
    </Module>
    <Module skippedDueTo="Filter" hash="36-FC-21-3C-73-CA-1B-2B-55-53-7F-7D-93-57-DA-63-BE-7E-E7-F3">
      <ModulePath>C:\Program Files\dotnet\shared\Microsoft.NETCore.App\2.1.3\System.Diagnostics.Tracing.dll</ModulePath>
      <ModuleTime>2018-07-25T05:24:10Z</ModuleTime>
      <ModuleName>System.Diagnostics.Tracing</ModuleName>
      <Classes />
    </Module>
    <Module skippedDueTo="Filter" hash="1A-63-FF-01-DF-BD-53-DF-64-2A-00-2D-65-FB-AD-17-C4-31-9A-24">
      <ModulePath>C:\Program Files\dotnet\shared\Microsoft.NETCore.App\2.1.3\System.Collections.dll</ModulePath>
      <ModuleTime>2018-07-25T05:24:08Z</ModuleTime>
      <ModuleName>System.Collections</ModuleName>
      <Classes />
    </Module>
    <Module skippedDueTo="MissingPdb" hash="E2-11-98-69-A3-F3-27-12-91-59-9B-6D-BE-F3-9D-DF-4D-E4-87-1A">
      <ModulePath>C:\Program Files\dotnet\sdk\2.1.401\Microsoft.VisualStudio.TestPlatform.ObjectModel.dll</ModulePath>
      <ModuleTime>2018-08-02T11:09:18Z</ModuleTime>
      <ModuleName>Microsoft.VisualStudio.TestPlatform.ObjectModel</ModuleName>
      <Classes />
    </Module>
    <Module skippedDueTo="MissingPdb" hash="BD-B8-D8-0A-24-43-55-AA-40-22-47-BE-46-A5-B9-33-EA-FB-29-BF">
      <ModulePath>C:\Program Files\dotnet\sdk\2.1.401\Microsoft.VisualStudio.TestPlatform.Client.dll</ModulePath>
      <ModuleTime>2018-08-02T11:09:06Z</ModuleTime>
      <ModuleName>Microsoft.VisualStudio.TestPlatform.Client</ModuleName>
      <Classes />
    </Module>
    <Module skippedDueTo="MissingPdb" hash="73-B0-C7-F8-FF-DD-D4-FD-CF-4F-92-E1-B5-EE-F7-4C-AF-42-A2-F5">
      <ModulePath>C:\Program Files\dotnet\sdk\2.1.401\Microsoft.VisualStudio.TestPlatform.Common.dll</ModulePath>
      <ModuleTime>2018-08-02T11:09:06Z</ModuleTime>
      <ModuleName>Microsoft.VisualStudio.TestPlatform.Common</ModuleName>
      <Classes />
    </Module>
    <Module skippedDueTo="Filter" hash="BE-DF-33-D6-2D-5A-5F-55-B4-AF-5B-81-2F-32-BD-57-CF-1B-E9-B0">
      <ModulePath>C:\Program Files\dotnet\shared\Microsoft.NETCore.App\2.1.3\System.Linq.dll</ModulePath>
      <ModuleTime>2018-07-25T05:24:12Z</ModuleTime>
      <ModuleName>System.Linq</ModuleName>
      <Classes />
    </Module>
    <Module skippedDueTo="Filter" hash="29-22-08-DC-69-1F-BC-56-9E-B9-7E-70-6C-AD-4F-34-73-D7-B2-E7">
      <ModulePath>C:\Program Files\dotnet\shared\Microsoft.NETCore.App\2.1.3\System.Runtime.InteropServices.dll</ModulePath>
      <ModuleTime>2018-07-25T05:24:16Z</ModuleTime>
      <ModuleName>System.Runtime.InteropServices</ModuleName>
      <Classes />
    </Module>
    <Module skippedDueTo="Filter" hash="A0-76-61-AA-70-7A-84-48-63-DA-37-72-1A-31-3D-1D-D1-CD-38-AF">
      <ModulePath>C:\Program Files\dotnet\shared\Microsoft.NETCore.App\2.1.3\System.Resources.ResourceManager.dll</ModulePath>
      <ModuleTime>2018-07-25T05:24:16Z</ModuleTime>
      <ModuleName>System.Resources.ResourceManager</ModuleName>
      <Classes />
    </Module>
    <Module skippedDueTo="Filter" hash="1E-F7-7B-AC-57-02-22-29-E1-E9-0A-34-8A-0A-E1-6E-3F-4D-F1-BC">
      <ModulePath>C:\Program Files\dotnet\shared\Microsoft.NETCore.App\2.1.3\System.IO.FileSystem.Primitives.dll</ModulePath>
      <ModuleTime>2018-07-25T05:24:10Z</ModuleTime>
      <ModuleName>System.IO.FileSystem.Primitives</ModuleName>
      <Classes />
    </Module>
    <Module skippedDueTo="Filter" hash="A5-97-C8-15-AF-54-A9-14-B3-67-01-92-9F-EB-69-53-95-58-1D-DA">
      <ModulePath>C:\Program Files\dotnet\shared\Microsoft.NETCore.App\2.1.3\System.IO.FileSystem.dll</ModulePath>
      <ModuleTime>2018-07-25T05:24:10Z</ModuleTime>
      <ModuleName>System.IO.FileSystem</ModuleName>
      <Classes />
    </Module>
    <Module skippedDueTo="Filter" hash="D1-8B-DD-5D-72-BB-59-91-D4-CC-75-78-3F-7F-80-DC-4F-73-FC-11">
      <ModulePath>C:\Program Files\dotnet\shared\Microsoft.NETCore.App\2.1.3\System.Xml.ReaderWriter.dll</ModulePath>
      <ModuleTime>2018-07-25T05:24:18Z</ModuleTime>
      <ModuleName>System.Xml.ReaderWriter</ModuleName>
      <Classes />
    </Module>
    <Module skippedDueTo="Filter" hash="52-DC-78-9D-68-B1-43-4E-FA-AD-31-C5-5C-0D-C6-D8-27-08-23-BD">
      <ModulePath>C:\Program Files\dotnet\shared\Microsoft.NETCore.App\2.1.3\System.Private.Xml.dll</ModulePath>
      <ModuleTime>2018-07-25T05:24:14Z</ModuleTime>
      <ModuleName>System.Private.Xml</ModuleName>
      <Classes />
    </Module>
    <Module skippedDueTo="MissingPdb" hash="77-5A-EE-36-51-93-6D-A8-35-FB-97-E4-4C-55-69-B4-74-A0-CD-1F">
      <ModulePath>C:\Program Files\dotnet\sdk\2.1.401\Microsoft.TestPlatform.PlatformAbstractions.dll</ModulePath>
      <ModuleTime>2018-08-02T11:09:48Z</ModuleTime>
      <ModuleName>Microsoft.TestPlatform.PlatformAbstractions</ModuleName>
      <Classes />
    </Module>
    <Module skippedDueTo="Filter" hash="CA-69-3C-9C-F3-55-AD-7E-AC-BB-40-00-9F-4E-90-A3-EF-55-16-5E">
      <ModulePath>C:\Program Files\dotnet\shared\Microsoft.NETCore.App\2.1.3\System.Xml.XmlDocument.dll</ModulePath>
      <ModuleTime>2018-07-25T05:24:18Z</ModuleTime>
      <ModuleName>System.Xml.XmlDocument</ModuleName>
      <Classes />
    </Module>
    <Module skippedDueTo="MissingPdb" hash="D9-20-F3-2B-1A-A8-EA-5C-BC-78-E8-48-39-9D-18-E2-9E-E4-44-3E">
      <ModulePath>C:\Program Files\dotnet\sdk\2.1.401\Microsoft.TestPlatform.Utilities.dll</ModulePath>
      <ModuleTime>2018-08-02T11:09:06Z</ModuleTime>
      <ModuleName>Microsoft.TestPlatform.Utilities</ModuleName>
      <Classes />
    </Module>
    <Module skippedDueTo="Filter" hash="A9-D9-37-0E-E5-7A-7E-05-59-85-9B-B0-54-E6-AB-E9-88-8E-65-85">
      <ModulePath>C:\Program Files\dotnet\shared\Microsoft.NETCore.App\2.1.3\System.Runtime.InteropServices.RuntimeInformation.dll</ModulePath>
      <ModuleTime>2018-07-25T05:24:16Z</ModuleTime>
      <ModuleName>System.Runtime.InteropServices.RuntimeInformation</ModuleName>
      <Classes />
    </Module>
    <Module skippedDueTo="Filter" hash="C2-49-7A-11-08-AD-6F-1B-3A-C5-73-0B-37-87-80-B4-A0-6C-06-1A">
      <ModulePath>C:\Program Files\dotnet\shared\Microsoft.NETCore.App\2.1.3\System.Private.Uri.dll</ModulePath>
      <ModuleTime>2018-07-25T05:24:14Z</ModuleTime>
      <ModuleName>System.Private.Uri</ModuleName>
      <Classes />
    </Module>
    <Module skippedDueTo="Filter" hash="51-80-DD-CB-9B-6D-8B-C2-11-82-F0-CF-E2-83-52-85-4F-43-2F-B9">
      <ModulePath>C:\Program Files\dotnet\shared\Microsoft.NETCore.App\2.1.3\System.Memory.dll</ModulePath>
      <ModuleTime>2018-07-25T05:24:12Z</ModuleTime>
      <ModuleName>System.Memory</ModuleName>
      <Classes />
    </Module>
    <Module skippedDueTo="Filter" hash="EB-CB-84-87-26-08-C1-24-58-B9-88-C7-A4-0D-A1-13-CF-CE-62-2F">
      <ModulePath>C:\Program Files\dotnet\shared\Microsoft.NETCore.App\2.1.3\System.Security.Cryptography.Algorithms.dll</ModulePath>
      <ModuleTime>2018-07-25T05:24:16Z</ModuleTime>
      <ModuleName>System.Security.Cryptography.Algorithms</ModuleName>
      <Classes />
    </Module>
    <Module skippedDueTo="Filter" hash="E6-31-6B-03-58-FC-AE-AC-07-23-72-0A-65-8D-38-DE-87-E8-0E-39">
      <ModulePath>C:\Program Files\dotnet\sdk\2.1.401\System.Xml.XPath.XmlDocument.dll</ModulePath>
      <ModuleTime>2018-08-02T11:08:22Z</ModuleTime>
      <ModuleName>System.Xml.XPath.XmlDocument</ModuleName>
      <Classes />
    </Module>
    <Module skippedDueTo="Filter" hash="F7-3C-B5-78-EB-4C-8D-D3-92-3A-EE-BB-95-F0-92-3E-D7-72-86-17">
      <ModulePath>C:\Program Files\dotnet\shared\Microsoft.NETCore.App\2.1.3\System.Xml.XPath.dll</ModulePath>
      <ModuleTime>2018-07-25T05:24:18Z</ModuleTime>
      <ModuleName>System.Xml.XPath</ModuleName>
      <Classes />
    </Module>
    <Module skippedDueTo="Filter" hash="CD-6E-17-B8-D5-40-EF-3E-FD-9F-A6-86-DF-F7-DE-D4-FD-A8-85-BB">
      <ModulePath>C:\Program Files\dotnet\shared\Microsoft.NETCore.App\2.1.3\System.Globalization.dll</ModulePath>
      <ModuleTime>2018-07-25T05:24:10Z</ModuleTime>
      <ModuleName>System.Globalization</ModuleName>
      <Classes />
    </Module>
    <Module skippedDueTo="Filter" hash="94-26-4B-DA-AB-44-24-26-60-0F-37-48-EB-85-21-87-E3-F0-9C-D9">
      <ModulePath>C:\Program Files\dotnet\shared\Microsoft.NETCore.App\2.1.3\System.Diagnostics.TraceSource.dll</ModulePath>
      <ModuleTime>2018-07-25T05:24:10Z</ModuleTime>
      <ModuleName>System.Diagnostics.TraceSource</ModuleName>
      <Classes />
    </Module>
    <Module skippedDueTo="Filter" hash="86-28-FD-85-40-08-D2-34-DA-6A-0F-6B-AB-D3-20-4F-0C-6E-E3-A6">
      <ModulePath>C:\Program Files\dotnet\shared\Microsoft.NETCore.App\2.1.3\System.Collections.NonGeneric.dll</ModulePath>
      <ModuleTime>2018-07-25T05:24:06Z</ModuleTime>
      <ModuleName>System.Collections.NonGeneric</ModuleName>
      <Classes />
    </Module>
    <Module skippedDueTo="MissingPdb" hash="C4-82-4C-16-46-3B-26-5F-E5-00-28-EF-EC-6A-9E-56-CB-28-7A-E8">
      <ModulePath>C:\Program Files\dotnet\sdk\2.1.401\Microsoft.TestPlatform.CrossPlatEngine.dll</ModulePath>
      <ModuleTime>2018-08-02T11:08:56Z</ModuleTime>
      <ModuleName>Microsoft.TestPlatform.CrossPlatEngine</ModuleName>
      <Classes />
    </Module>
    <Module skippedDueTo="Filter" hash="48-E4-66-39-80-8B-FD-40-93-7F-51-A1-6C-05-2E-CA-75-8B-38-06">
      <ModulePath>C:\Program Files\dotnet\shared\Microsoft.NETCore.App\2.1.3\System.Reflection.dll</ModulePath>
      <ModuleTime>2018-07-25T05:24:16Z</ModuleTime>
      <ModuleName>System.Reflection</ModuleName>
      <Classes />
    </Module>
    <Module skippedDueTo="Filter" hash="CB-E9-FC-A5-59-90-26-5C-DD-2D-79-7C-E0-0E-30-E7-F8-7C-CC-C2">
      <ModulePath>C:\Program Files\dotnet\shared\Microsoft.NETCore.App\2.1.3\System.Buffers.dll</ModulePath>
      <ModuleTime>2018-07-25T05:24:06Z</ModuleTime>
      <ModuleName>System.Buffers</ModuleName>
      <Classes />
    </Module>
    <Module skippedDueTo="Filter" hash="F5-07-11-CB-DB-B9-71-B6-EB-09-65-CD-EA-00-E1-07-BD-C6-A7-D3">
      <ModulePath>C:\Program Files\dotnet\shared\Microsoft.NETCore.App\2.1.3\System.Threading.Tasks.dll</ModulePath>
      <ModuleTime>2018-07-25T05:24:18Z</ModuleTime>
      <ModuleName>System.Threading.Tasks</ModuleName>
      <Classes />
    </Module>
    <Module skippedDueTo="Filter" hash="72-BC-CF-7D-3C-12-AE-97-AD-97-A9-D2-4E-F7-ED-A0-5B-D6-C2-62">
      <ModulePath>C:\Program Files\dotnet\shared\Microsoft.NETCore.App\2.1.3\System.Runtime.Loader.dll</ModulePath>
      <ModuleTime>2018-07-25T05:24:16Z</ModuleTime>
      <ModuleName>System.Runtime.Loader</ModuleName>
      <Classes />
    </Module>
    <Module skippedDueTo="MissingPdb" hash="E6-E0-61-28-FE-4B-E2-8D-0B-4A-CF-D3-2B-33-16-E3-93-EE-E8-64">
      <ModulePath>C:\Program Files\dotnet\sdk\2.1.401\Extensions\Microsoft.TestPlatform.Extensions.BlameDataCollector.dll</ModulePath>
      <ModuleTime>2018-08-02T11:08:30Z</ModuleTime>
      <ModuleName>Microsoft.TestPlatform.Extensions.BlameDataCollector</ModuleName>
      <Classes />
    </Module>
    <Module skippedDueTo="Filter" hash="4D-B8-7A-0A-2A-22-20-B7-D5-74-1D-F3-DE-70-0D-E3-1D-1D-34-E2">
      <ModulePath>C:\Program Files\dotnet\shared\Microsoft.NETCore.App\2.1.3\System.Reflection.TypeExtensions.dll</ModulePath>
      <ModuleTime>2018-07-25T05:24:16Z</ModuleTime>
      <ModuleName>System.Reflection.TypeExtensions</ModuleName>
      <Classes />
    </Module>
    <Module skippedDueTo="MissingPdb" hash="23-C0-5E-C2-F7-28-B7-B8-87-48-6F-86-C4-87-2C-BC-E5-51-9E-22">
      <ModulePath>C:\Program Files\dotnet\sdk\2.1.401\Extensions\Microsoft.TestPlatform.Extensions.EventLogCollector.dll</ModulePath>
      <ModuleTime>2018-08-02T11:08:10Z</ModuleTime>
      <ModuleName>Microsoft.TestPlatform.Extensions.EventLogCollector</ModuleName>
      <Classes />
    </Module>
    <Module skippedDueTo="Filter" hash="63-0E-FD-F5-5D-E9-79-2E-EC-35-5B-64-D1-92-BD-05-94-CB-DD-F9">
      <ModulePath>C:\Program Files\dotnet\shared\Microsoft.NETCore.App\2.1.3\mscorlib.dll</ModulePath>
      <ModuleTime>2018-07-25T05:24:04Z</ModuleTime>
      <ModuleName>mscorlib</ModuleName>
      <Classes />
    </Module>
    <Module skippedDueTo="Filter" hash="95-05-38-6D-A2-FC-81-4E-9A-9C-36-04-B5-6B-E3-06-1C-74-CA-2B">
      <ModulePath>C:\Program Files\dotnet\shared\Microsoft.NETCore.App\2.1.3\System.Xml.dll</ModulePath>
      <ModuleTime>2018-07-25T05:24:18Z</ModuleTime>
      <ModuleName>System.Xml</ModuleName>
      <Classes />
    </Module>
    <Module skippedDueTo="MissingPdb" hash="97-F7-CF-AF-D9-9C-DD-15-BA-53-EE-05-0E-1D-A6-04-C9-F6-73-83">
      <ModulePath>C:\Program Files\dotnet\sdk\2.1.401\Extensions\Microsoft.TestPlatform.TestHostRuntimeProvider.dll</ModulePath>
      <ModuleTime>2018-08-02T11:08:10Z</ModuleTime>
      <ModuleName>Microsoft.TestPlatform.TestHostRuntimeProvider</ModuleName>
      <Classes />
    </Module>
    <Module skippedDueTo="Filter" hash="A3-67-F9-63-EB-F8-B7-44-1E-E1-D4-1E-C4-6B-73-38-9B-31-69-CC">
      <ModulePath>C:\Program Files\dotnet\shared\Microsoft.NETCore.App\2.1.3\System.Reflection.Extensions.dll</ModulePath>
      <ModuleTime>2018-07-25T05:24:16Z</ModuleTime>
      <ModuleName>System.Reflection.Extensions</ModuleName>
      <Classes />
    </Module>
    <Module skippedDueTo="MissingPdb" hash="99-E5-4B-36-90-57-00-84-05-E4-7B-8C-17-20-68-BD-A4-D8-E4-52">
      <ModulePath>C:\Program Files\dotnet\sdk\2.1.401\Extensions\Microsoft.VisualStudio.TestPlatform.Extensions.Trx.TestLogger.dll</ModulePath>
      <ModuleTime>2018-08-02T11:08:10Z</ModuleTime>
      <ModuleName>Microsoft.VisualStudio.TestPlatform.Extensions.Trx.TestLogger</ModuleName>
      <Classes />
    </Module>
    <Module skippedDueTo="Filter" hash="04-29-03-2F-44-B5-6A-EE-42-95-D7-BD-78-BE-E0-8F-41-90-F0-65">
      <ModulePath>C:\Program Files\dotnet\shared\Microsoft.NETCore.App\2.1.3\System.Reflection.Metadata.dll</ModulePath>
      <ModuleTime>2018-07-25T05:24:16Z</ModuleTime>
      <ModuleName>System.Reflection.Metadata</ModuleName>
      <Classes />
    </Module>
    <Module skippedDueTo="Filter" hash="F0-DB-74-9C-3B-8E-DE-D8-F2-D2-46-18-70-EC-21-ED-44-75-38-E8">
      <ModulePath>C:\Program Files\dotnet\shared\Microsoft.NETCore.App\2.1.3\System.Collections.Immutable.dll</ModulePath>
      <ModuleTime>2018-07-25T05:24:06Z</ModuleTime>
      <ModuleName>System.Collections.Immutable</ModuleName>
      <Classes />
    </Module>
    <Module skippedDueTo="MissingPdb" hash="6F-0D-0D-5F-2D-24-54-D3-B8-D4-24-AB-57-1D-61-95-FE-14-B0-0A">
      <ModulePath>C:\Program Files\dotnet\shared\Microsoft.NETCore.App\2.1.3\Microsoft.Win32.Primitives.dll</ModulePath>
      <ModuleTime>2018-07-25T05:24:06Z</ModuleTime>
      <ModuleName>Microsoft.Win32.Primitives</ModuleName>
      <Classes />
    </Module>
    <Module skippedDueTo="MissingPdb" hash="03-70-A8-46-F8-65-B1-69-A0-EB-02-D8-82-80-6F-94-2C-14-F1-20">
      <ModulePath>C:\Program Files\dotnet\sdk\2.1.401\Microsoft.TestPlatform.CommunicationUtilities.dll</ModulePath>
      <ModuleTime>2018-08-02T11:08:58Z</ModuleTime>
      <ModuleName>Microsoft.TestPlatform.CommunicationUtilities</ModuleName>
      <Classes />
    </Module>
    <Module skippedDueTo="MissingPdb" hash="36-E2-C4-D4-2A-18-ED-C0-05-58-43-A6-EE-71-A9-85-20-0B-36-67">
      <ModulePath>C:\Program Files\dotnet\sdk\2.1.401\Newtonsoft.Json.dll</ModulePath>
      <ModuleTime>2018-08-02T11:11:50Z</ModuleTime>
      <ModuleName>Newtonsoft.Json</ModuleName>
      <Classes />
    </Module>
    <Module skippedDueTo="Filter" hash="BA-1B-85-B4-D3-0C-9E-FD-15-94-44-28-B0-22-2B-2F-E8-E3-9D-AE">
      <ModulePath>C:\Program Files\dotnet\shared\Microsoft.NETCore.App\2.1.3\System.Runtime.Serialization.Primitives.dll</ModulePath>
      <ModuleTime>2018-07-25T05:24:16Z</ModuleTime>
      <ModuleName>System.Runtime.Serialization.Primitives</ModuleName>
      <Classes />
    </Module>
    <Module skippedDueTo="Filter" hash="BD-0C-D9-67-BC-71-3E-2B-A9-21-E7-D1-66-7C-8A-C9-E0-9A-7F-93">
      <ModulePath>C:\Program Files\dotnet\shared\Microsoft.NETCore.App\2.1.3\System.Collections.Concurrent.dll</ModulePath>
      <ModuleTime>2018-07-25T05:24:06Z</ModuleTime>
      <ModuleName>System.Collections.Concurrent</ModuleName>
      <Classes />
    </Module>
    <Module skippedDueTo="Filter" hash="42-DD-AA-B5-9E-99-99-B6-78-39-FD-9B-B0-7E-AC-9B-A4-13-56-ED">
      <ModulePath>C:\Program Files\dotnet\shared\Microsoft.NETCore.App\2.1.3\System.Threading.Timer.dll</ModulePath>
      <ModuleTime>2018-07-25T05:24:18Z</ModuleTime>
      <ModuleName>System.Threading.Timer</ModuleName>
      <Classes />
    </Module>
    <Module skippedDueTo="Filter" hash="F9-31-AA-0F-D2-CD-2D-D4-35-EE-43-38-DE-92-A4-82-6D-A0-05-41">
      <ModulePath>C:\Program Files\dotnet\shared\Microsoft.NETCore.App\2.1.3\System.Net.Primitives.dll</ModulePath>
      <ModuleTime>2018-07-25T05:24:12Z</ModuleTime>
      <ModuleName>System.Net.Primitives</ModuleName>
      <Classes />
    </Module>
    <Module skippedDueTo="Filter" hash="C3-02-EF-9C-4E-C6-E3-D4-97-BC-DE-7D-D5-6A-72-20-AF-53-D6-98">
      <ModulePath>C:\Program Files\dotnet\shared\Microsoft.NETCore.App\2.1.3\System.Net.Sockets.dll</ModulePath>
      <ModuleTime>2018-07-25T05:24:14Z</ModuleTime>
      <ModuleName>System.Net.Sockets</ModuleName>
      <Classes />
    </Module>
    <Module skippedDueTo="Filter" hash="69-C0-B5-86-7C-6B-96-C9-8A-CD-6F-56-D1-5B-ED-5F-38-8E-C4-B2">
      <ModulePath>C:\Program Files\dotnet\shared\Microsoft.NETCore.App\2.1.3\System.Threading.Overlapped.dll</ModulePath>
      <ModuleTime>2018-07-25T05:24:18Z</ModuleTime>
      <ModuleName>System.Threading.Overlapped</ModuleName>
      <Classes />
    </Module>
    <Module skippedDueTo="Filter" hash="93-76-B0-B4-6B-B5-13-EB-51-44-71-35-9B-DE-AB-BC-CF-55-DF-28">
      <ModulePath>C:\Program Files\dotnet\shared\Microsoft.NETCore.App\2.1.3\System.Net.NameResolution.dll</ModulePath>
      <ModuleTime>2018-07-25T05:24:12Z</ModuleTime>
      <ModuleName>System.Net.NameResolution</ModuleName>
      <Classes />
    </Module>
    <Module skippedDueTo="MissingPdb" hash="9F-69-CA-84-75-84-DB-DA-BE-9E-B0-70-72-14-E3-A1-E2-3B-A4-D6">
      <ModulePath>C:\Program Files\dotnet\sdk\2.1.401\Microsoft.Extensions.DependencyModel.dll</ModulePath>
      <ModuleTime>2018-08-02T11:09:06Z</ModuleTime>
      <ModuleName>Microsoft.Extensions.DependencyModel</ModuleName>
      <Classes />
    </Module>
    <Module skippedDueTo="Filter" hash="80-9C-66-0B-0D-6B-CD-D8-D7-76-01-3D-64-0A-90-62-97-51-A0-4D">
      <ModulePath>C:\Program Files\dotnet\shared\Microsoft.NETCore.App\2.1.3\System.Dynamic.Runtime.dll</ModulePath>
      <ModuleTime>2018-07-25T05:24:10Z</ModuleTime>
      <ModuleName>System.Dynamic.Runtime</ModuleName>
      <Classes />
    </Module>
    <Module skippedDueTo="Filter" hash="D4-C4-6B-56-5D-9D-DE-4C-20-11-BB-EE-BB-4E-97-BA-37-4C-56-F6">
      <ModulePath>C:\Program Files\dotnet\shared\Microsoft.NETCore.App\2.1.3\System.Linq.Expressions.dll</ModulePath>
      <ModuleTime>2018-07-25T05:24:12Z</ModuleTime>
      <ModuleName>System.Linq.Expressions</ModuleName>
      <Classes />
    </Module>
    <Module skippedDueTo="Filter" hash="1E-2C-E8-E0-67-6F-11-47-FF-1A-5A-2A-45-4F-5E-1F-B3-D2-96-99">
      <ModulePath>C:\Program Files\dotnet\shared\Microsoft.NETCore.App\2.1.3\System.ObjectModel.dll</ModulePath>
      <ModuleTime>2018-07-25T05:24:14Z</ModuleTime>
      <ModuleName>System.ObjectModel</ModuleName>
      <Classes />
    </Module>
    <Module skippedDueTo="Filter" hash="BB-8B-DB-02-CA-A6-8C-40-68-A1-05-5C-3E-34-B8-44-88-F7-9D-DE">
      <ModulePath>C:\Program Files\dotnet\shared\Microsoft.NETCore.App\2.1.3\System.Threading.ThreadPool.dll</ModulePath>
      <ModuleTime>2018-07-25T05:24:18Z</ModuleTime>
      <ModuleName>System.Threading.ThreadPool</ModuleName>
      <Classes />
    </Module>
    <Module skippedDueTo="Filter" hash="A7-27-F5-05-F8-CA-3A-9B-9F-D0-1F-30-F2-45-AC-6F-46-0D-69-F2">
      <ModulePath>C:\Program Files\dotnet\shared\Microsoft.NETCore.App\1.1.9\System.Private.CoreLib.ni.dll</ModulePath>
      <ModuleTime>2018-06-26T11:42:20Z</ModuleTime>
      <ModuleName>System.Private.CoreLib</ModuleName>
      <Classes />
    </Module>
    <Module skippedDueTo="MissingPdb" hash="32-81-DE-37-95-0D-78-DD-D3-41-E8-F9-0C-B5-86-2C-67-4E-9E-CA">
      <ModulePath>C:\Users\Petr\.nuget\packages\microsoft.testplatform.testhost\15.0.0\lib\netstandard1.5\testhost.dll</ModulePath>
      <ModuleTime>2017-02-23T05:34:52Z</ModuleTime>
      <ModuleName>testhost</ModuleName>
      <Classes />
    </Module>
    <Module skippedDueTo="Filter" hash="B0-BB-44-D0-AF-13-B6-B3-77-F5-B9-EB-62-30-4C-66-85-51-A5-F0">
      <ModulePath>C:\Program Files\dotnet\shared\Microsoft.NETCore.App\1.1.9\System.Runtime.dll</ModulePath>
      <ModuleTime>2018-06-26T11:42:50Z</ModuleTime>
      <ModuleName>System.Runtime</ModuleName>
      <Classes />
    </Module>
    <Module skippedDueTo="Filter" hash="56-A0-1A-0F-84-74-0E-8E-08-56-58-B9-35-62-F2-C1-1C-9F-46-CB">
      <ModulePath>C:\Program Files\dotnet\shared\Microsoft.NETCore.App\1.1.9\mscorlib.dll</ModulePath>
      <ModuleTime>2018-06-25T05:32:30Z</ModuleTime>
      <ModuleName>mscorlib</ModuleName>
      <Classes />
    </Module>
    <Module skippedDueTo="MissingPdb" hash="85-67-E3-92-F6-A3-D6-41-F9-36-40-09-76-DD-12-EF-F1-44-A4-B9">
      <ModulePath>C:\Users\Petr\.nuget\packages\microsoft.testplatform.objectmodel\15.0.0\lib\netstandard1.5\Microsoft.TestPlatform.CoreUtilities.dll</ModulePath>
      <ModuleTime>2017-02-23T05:34:50Z</ModuleTime>
      <ModuleName>Microsoft.TestPlatform.CoreUtilities</ModuleName>
      <Classes />
    </Module>
    <Module skippedDueTo="Filter" hash="5F-DF-01-77-6E-AA-AA-A2-20-AA-FA-AF-05-D5-0A-40-24-7C-5A-3F">
      <ModulePath>C:\Program Files\dotnet\shared\Microsoft.NETCore.App\1.1.9\System.Diagnostics.Tracing.dll</ModulePath>
      <ModuleTime>2018-06-26T11:42:40Z</ModuleTime>
      <ModuleName>System.Diagnostics.Tracing</ModuleName>
      <Classes />
    </Module>
    <Module skippedDueTo="Filter" hash="C2-82-B5-E2-13-CE-35-A0-64-E7-3B-18-A1-6D-EA-D7-CB-36-BB-CB">
      <ModulePath>C:\Program Files\dotnet\shared\Microsoft.NETCore.App\1.1.9\System.Runtime.Extensions.dll</ModulePath>
      <ModuleTime>2018-06-26T11:42:50Z</ModuleTime>
      <ModuleName>System.Runtime.Extensions</ModuleName>
      <Classes />
    </Module>
    <Module skippedDueTo="Filter" hash="4F-B6-B6-EA-79-FA-95-44-13-98-0C-D1-BE-2E-D9-B1-B3-12-7A-C4">
      <ModulePath>C:\Program Files\dotnet\shared\Microsoft.NETCore.App\1.1.9\System.Diagnostics.Process.dll</ModulePath>
      <ModuleTime>2018-06-26T11:42:16Z</ModuleTime>
      <ModuleName>System.Diagnostics.Process</ModuleName>
      <Classes />
    </Module>
    <Module skippedDueTo="Filter" hash="DC-4F-31-2B-60-B5-3A-A5-79-BC-93-CA-DE-BD-BC-A6-37-B9-2B-C0">
      <ModulePath>C:\Program Files\dotnet\shared\Microsoft.NETCore.App\1.1.9\System.Diagnostics.Debug.dll</ModulePath>
      <ModuleTime>2018-06-26T11:42:50Z</ModuleTime>
      <ModuleName>System.Diagnostics.Debug</ModuleName>
      <Classes />
    </Module>
    <Module skippedDueTo="Filter" hash="E4-88-62-C3-E2-1A-1F-27-17-03-DB-C2-63-CA-84-E9-6F-BD-AF-56">
      <ModulePath>C:\Program Files\dotnet\shared\Microsoft.NETCore.App\1.1.9\System.Threading.Thread.dll</ModulePath>
      <ModuleTime>2018-06-26T11:42:06Z</ModuleTime>
      <ModuleName>System.Threading.Thread</ModuleName>
      <Classes />
    </Module>
    <Module skippedDueTo="Filter" hash="36-26-0D-31-EE-85-16-C5-31-60-B6-6F-C1-96-E1-68-67-15-B7-C3">
      <ModulePath>C:\Program Files\dotnet\shared\Microsoft.NETCore.App\1.1.9\System.Collections.dll</ModulePath>
      <ModuleTime>2018-06-26T11:42:50Z</ModuleTime>
      <ModuleName>System.Collections</ModuleName>
      <Classes />
    </Module>
    <Module skippedDueTo="MissingPdb" hash="1F-8B-28-F0-91-42-5C-5B-80-69-4B-25-EF-C7-E4-84-06-FC-A1-11">
      <ModulePath>C:\Users\Petr\.nuget\packages\microsoft.testplatform.testhost\15.0.0\lib\netstandard1.5\Microsoft.TestPlatform.CommunicationUtilities.dll</ModulePath>
      <ModuleTime>2017-02-23T05:34:52Z</ModuleTime>
      <ModuleName>Microsoft.TestPlatform.CommunicationUtilities</ModuleName>
      <Classes />
    </Module>
    <Module skippedDueTo="MissingPdb" hash="C1-AF-67-21-3A-A3-79-05-78-F9-85-63-BB-3F-88-A1-54-FF-D7-7C">
      <ModulePath>C:\Users\Petr\.nuget\packages\microsoft.testplatform.objectmodel\15.0.0\lib\netstandard1.5\Microsoft.VisualStudio.TestPlatform.ObjectModel.dll</ModulePath>
      <ModuleTime>2017-02-23T05:34:50Z</ModuleTime>
      <ModuleName>Microsoft.VisualStudio.TestPlatform.ObjectModel</ModuleName>
      <Classes />
    </Module>
    <Module skippedDueTo="Filter" hash="5E-2F-44-D4-BC-E3-72-7A-73-80-CA-8F-AF-EB-30-C7-7F-09-AC-21">
      <ModulePath>C:\Program Files\dotnet\shared\Microsoft.NETCore.App\1.1.9\System.Threading.Tasks.dll</ModulePath>
      <ModuleTime>2018-06-26T11:42:50Z</ModuleTime>
      <ModuleName>System.Threading.Tasks</ModuleName>
      <Classes />
    </Module>
    <Module skippedDueTo="MissingPdb" hash="47-C2-A2-FA-B2-5D-F7-05-7D-BD-7B-1B-D9-7C-8F-9D-22-5A-9F-38">
      <ModulePath>C:\Users\Petr\.nuget\packages\microsoft.testplatform.testhost\15.0.0\lib\netstandard1.5\Microsoft.TestPlatform.CrossPlatEngine.dll</ModulePath>
      <ModuleTime>2017-02-23T05:34:52Z</ModuleTime>
      <ModuleName>Microsoft.TestPlatform.CrossPlatEngine</ModuleName>
      <Classes />
    </Module>
    <Module skippedDueTo="MissingPdb" hash="F1-21-B8-A5-86-21-AD-70-DF-32-C1-31-8A-8C-61-9C-F1-BE-AB-2E">
[...]
            </Method>
            <Method visited="true" cyclomaticComplexity="3" nPathComplexity="4" sequenceCoverage="100" branchCoverage="100" isConstructor="false" isStatic="false" isGetter="false" isSetter="false">
              <Summary numSequencePoints="22" visitedSequencePoints="22" numBranchPoints="5" visitedBranchPoints="5" sequenceCoverage="100" branchCoverage="100" maxCyclomaticComplexity="3" minCyclomaticComplexity="3" visitedClasses="0" numClasses="0" visitedMethods="1" numMethods="1" />
              <MetadataToken>100663348</MetadataToken>
              <Name>System.Boolean FoneDynamicsChallenge.Caching.ImplementationA.MemoryCache`2::TryGetValue(TKey,TValue&amp;)</Name>
              <FileRef uid="12" />
              <SequencePoints>
                <SequencePoint vc="4" uspid="448" ordinal="0" offset="0" sl="173" sc="9" el="173" ec="10" bec="0" bev="0" fileid="12" />
                <SequencePoint vc="4" uspid="449" ordinal="1" offset="1" sl="174" sc="13" el="174" ec="29" bec="2" bev="2" fileid="12" />
                <SequencePoint vc="1" uspid="450" ordinal="2" offset="14" sl="175" sc="13" el="175" ec="14" bec="0" bev="0" fileid="12" />
                <SequencePoint vc="1" uspid="451" ordinal="3" offset="15" sl="176" sc="17" el="176" ec="56" bec="0" bev="0" fileid="12" />
                <SequencePoint vc="3" uspid="452" ordinal="4" offset="26" sl="178" sc="13" el="178" ec="51" bec="0" bev="0" fileid="12" />
                <SequencePoint vc="3" uspid="453" ordinal="5" offset="38" sl="180" sc="13" el="180" ec="14" bec="0" bev="0" fileid="12" />
                <SequencePoint vc="3" uspid="454" ordinal="6" offset="39" sl="182" sc="17" el="182" ec="108" bec="2" bev="2" fileid="12" />
                <SequencePoint vc="2" uspid="455" ordinal="7" offset="57" sl="183" sc="17" el="183" ec="18" bec="0" bev="0" fileid="12" />
                <SequencePoint vc="2" uspid="456" ordinal="8" offset="58" sl="184" sc="21" el="184" ec="48" bec="0" bev="0" fileid="12" />
                <SequencePoint vc="2" uspid="457" ordinal="9" offset="75" sl="185" sc="21" el="185" ec="49" bec="0" bev="0" fileid="12" />
                <SequencePoint vc="2" uspid="458" ordinal="10" offset="87" sl="187" sc="21" el="187" ec="22" bec="0" bev="0" fileid="12" />
                <SequencePoint vc="2" uspid="459" ordinal="11" offset="88" sl="189" sc="25" el="189" ec="51" bec="0" bev="0" fileid="12" />
                <SequencePoint vc="2" uspid="460" ordinal="12" offset="96" sl="190" sc="25" el="190" ec="37" bec="0" bev="0" fileid="12" />
                <SequencePoint vc="2" uspid="461" ordinal="13" offset="100" sl="193" sc="21" el="193" ec="22" bec="0" bev="0" fileid="12" />
                <SequencePoint vc="2" uspid="462" ordinal="14" offset="101" sl="194" sc="25" el="194" ec="52" bec="0" bev="0" fileid="12" />
                <SequencePoint vc="2" uspid="463" ordinal="15" offset="113" sl="195" sc="21" el="195" ec="22" bec="0" bev="0" fileid="12" />
                <SequencePoint vc="1" uspid="464" ordinal="16" offset="115" sl="197" sc="17" el="197" ec="41" bec="0" bev="0" fileid="12" />
                <SequencePoint vc="1" uspid="465" ordinal="17" offset="122" sl="198" sc="17" el="198" ec="30" bec="0" bev="0" fileid="12" />
                <SequencePoint vc="3" uspid="466" ordinal="18" offset="126" sl="201" sc="13" el="201" ec="14" bec="0" bev="0" fileid="12" />
                <SequencePoint vc="3" uspid="467" ordinal="19" offset="127" sl="202" sc="17" el="202" ec="54" bec="0" bev="0" fileid="12" />
                <SequencePoint vc="3" uspid="468" ordinal="20" offset="139" sl="203" sc="13" el="203" ec="14" bec="0" bev="0" fileid="12" />
                <SequencePoint vc="3" uspid="469" ordinal="21" offset="141" sl="204" sc="9" el="204" ec="10" bec="0" bev="0" fileid="12" />
              </SequencePoints>
              <BranchPoints>
                <BranchPoint vc="1" uspid="470" ordinal="0" offset="12" sl="174" path="0" offsetend="14" fileid="12" />
                <BranchPoint vc="3" uspid="471" ordinal="1" offset="12" sl="174" path="1" offsetend="26" fileid="12" />
                <BranchPoint vc="2" uspid="472" ordinal="2" offset="55" sl="182" path="0" offsetend="57" fileid="12" />
                <BranchPoint vc="1" uspid="473" ordinal="3" offset="55" sl="182" path="1" offsetend="115" fileid="12" />
              </BranchPoints>
              <MethodPoint xsi:type="SequencePoint" vc="4" uspid="448" ordinal="0" offset="0" sl="173" sc="9" el="173" ec="10" bec="0" bev="0" fileid="12" />
            </Method>
          </Methods>
        </Class>
        <Class>
          <Summary numSequencePoints="6" visitedSequencePoints="0" numBranchPoints="2" visitedBranchPoints="0" sequenceCoverage="0" branchCoverage="0" maxCyclomaticComplexity="1" minCyclomaticComplexity="1" visitedClasses="0" numClasses="1" visitedMethods="0" numMethods="2" />
          <FullName>FoneDynamicsChallenge.Caching.Common.DefaultEqualityComparer`1</FullName>
          <Methods>
            <Method visited="false" cyclomaticComplexity="1" nPathComplexity="0" sequenceCoverage="0" branchCoverage="0" isConstructor="false" isStatic="false" isGetter="false" isSetter="false">
              <Summary numSequencePoints="3" visitedSequencePoints="0" numBranchPoints="1" visitedBranchPoints="0" sequenceCoverage="0" branchCoverage="0" maxCyclomaticComplexity="1" minCyclomaticComplexity="1" visitedClasses="0" numClasses="0" visitedMethods="0" numMethods="1" />
              <MetadataToken>100663349</MetadataToken>
              <Name>System.Boolean FoneDynamicsChallenge.Caching.Common.DefaultEqualityComparer`1::Equals(T,T)</Name>
              <FileRef uid="13" />
              <SequencePoints>
                <SequencePoint vc="0" uspid="474" ordinal="0" offset="0" sl="15" sc="9" el="15" ec="10" bec="0" bev="0" fileid="13" />
                <SequencePoint vc="0" uspid="475" ordinal="1" offset="1" sl="16" sc="13" el="16" ec="40" bec="0" bev="0" fileid="13" />
                <SequencePoint vc="0" uspid="476" ordinal="2" offset="21" sl="17" sc="9" el="17" ec="10" bec="0" bev="0" fileid="13" />
              </SequencePoints>
              <BranchPoints />
              <MethodPoint xsi:type="SequencePoint" vc="0" uspid="474" ordinal="0" offset="0" sl="15" sc="9" el="15" ec="10" bec="0" bev="0" fileid="13" />
            </Method>
            <Method visited="false" cyclomaticComplexity="1" nPathComplexity="0" sequenceCoverage="0" branchCoverage="0" isConstructor="false" isStatic="false" isGetter="false" isSetter="false">
              <Summary numSequencePoints="3" visitedSequencePoints="0" numBranchPoints="1" visitedBranchPoints="0" sequenceCoverage="0" branchCoverage="0" maxCyclomaticComplexity="1" minCyclomaticComplexity="1" visitedClasses="0" numClasses="0" visitedMethods="0" numMethods="1" />
              <MetadataToken>100663350</MetadataToken>
              <Name>System.Int32 FoneDynamicsChallenge.Caching.Common.DefaultEqualityComparer`1::GetHashCode(T)</Name>
              <FileRef uid="13" />
              <SequencePoints>
                <SequencePoint vc="0" uspid="477" ordinal="0" offset="0" sl="21" sc="9" el="21" ec="10" bec="0" bev="0" fileid="13" />
                <SequencePoint vc="0" uspid="478" ordinal="1" offset="1" sl="22" sc="13" el="22" ec="38" bec="0" bev="0" fileid="13" />
                <SequencePoint vc="0" uspid="479" ordinal="2" offset="17" sl="23" sc="9" el="23" ec="10" bec="0" bev="0" fileid="13" />
              </SequencePoints>
              <BranchPoints />
              <MethodPoint xsi:type="SequencePoint" vc="0" uspid="477" ordinal="0" offset="0" sl="21" sc="9" el="21" ec="10" bec="0" bev="0" fileid="13" />
            </Method>
            <Method visited="true" cyclomaticComplexity="1" nPathComplexity="0" sequenceCoverage="0" branchCoverage="0" isConstructor="true" isStatic="false" isGetter="false" isSetter="false">
              <Summary numSequencePoints="0" visitedSequencePoints="0" numBranchPoints="0" visitedBranchPoints="0" sequenceCoverage="0" branchCoverage="0" maxCyclomaticComplexity="1" minCyclomaticComplexity="1" visitedClasses="0" numClasses="0" visitedMethods="0" numMethods="0" />
              <MetadataToken>100663351</MetadataToken>
              <Name>System.Void FoneDynamicsChallenge.Caching.Common.DefaultEqualityComparer`1::.ctor()</Name>
              <SequencePoints />
              <BranchPoints />
              <MethodPoint vc="18" uspid="480" ordinal="0" offset="0" />
            </Method>
          </Methods>
        </Class>
        <Class>
          <Summary numSequencePoints="4" visitedSequencePoints="3" numBranchPoints="4" visitedBranchPoints="3" sequenceCoverage="75" branchCoverage="75" maxCyclomaticComplexity="1" minCyclomaticComplexity="1" visitedClasses="1" numClasses="1" visitedMethods="3" numMethods="4" />
          <FullName>FoneDynamicsChallenge.Caching.Common.MemoryCacheItem`2</FullName>
          <Methods>
            <Method visited="false" cyclomaticComplexity="1" nPathComplexity="0" sequenceCoverage="0" branchCoverage="0" isConstructor="false" isStatic="false" isGetter="true" isSetter="false">
              <Summary numSequencePoints="1" visitedSequencePoints="0" numBranchPoints="1" visitedBranchPoints="0" sequenceCoverage="0" branchCoverage="0" maxCyclomaticComplexity="1" minCyclomaticComplexity="1" visitedClasses="0" numClasses="0" visitedMethods="0" numMethods="1" />
              <MetadataToken>100663352</MetadataToken>
              <Name>TKey FoneDynamicsChallenge.Caching.Common.MemoryCacheItem`2::get_Key()</Name>
              <FileRef uid="14" />
              <SequencePoints>
                <SequencePoint vc="0" uspid="481" ordinal="0" offset="0" sl="17" sc="27" el="17" ec="31" bec="0" bev="0" fileid="14" />
              </SequencePoints>
              <BranchPoints />
              <MethodPoint xsi:type="SequencePoint" vc="0" uspid="481" ordinal="0" offset="0" sl="17" sc="27" el="17" ec="31" bec="0" bev="0" fileid="14" />
            </Method>
            <Method visited="true" cyclomaticComplexity="1" nPathComplexity="0" sequenceCoverage="100" branchCoverage="100" isConstructor="false" isStatic="false" isGetter="false" isSetter="true">
              <Summary numSequencePoints="1" visitedSequencePoints="1" numBranchPoints="1" visitedBranchPoints="1" sequenceCoverage="100" branchCoverage="100" maxCyclomaticComplexity="1" minCyclomaticComplexity="1" visitedClasses="0" numClasses="0" visitedMethods="1" numMethods="1" />
              <MetadataToken>100663353</MetadataToken>
              <Name>System.Void FoneDynamicsChallenge.Caching.Common.MemoryCacheItem`2::set_Key(TKey)</Name>
              <FileRef uid="14" />
              <SequencePoints>
                <SequencePoint vc="6" uspid="482" ordinal="0" offset="0" sl="17" sc="32" el="17" ec="36" bec="0" bev="0" fileid="14" />
              </SequencePoints>
              <BranchPoints />
              <MethodPoint xsi:type="SequencePoint" vc="6" uspid="482" ordinal="0" offset="0" sl="17" sc="32" el="17" ec="36" bec="0" bev="0" fileid="14" />
            </Method>
            <Method visited="true" cyclomaticComplexity="1" nPathComplexity="0" sequenceCoverage="100" branchCoverage="100" isConstructor="false" isStatic="false" isGetter="true" isSetter="false">
              <Summary numSequencePoints="1" visitedSequencePoints="1" numBranchPoints="1" visitedBranchPoints="1" sequenceCoverage="100" branchCoverage="100" maxCyclomaticComplexity="1" minCyclomaticComplexity="1" visitedClasses="0" numClasses="0" visitedMethods="1" numMethods="1" />
              <MetadataToken>100663354</MetadataToken>
              <Name>TValue FoneDynamicsChallenge.Caching.Common.MemoryCacheItem`2::get_Value()</Name>
              <FileRef uid="14" />
              <SequencePoints>
                <SequencePoint vc="4" uspid="483" ordinal="0" offset="0" sl="22" sc="31" el="22" ec="35" bec="0" bev="0" fileid="14" />
              </SequencePoints>
              <BranchPoints />
              <MethodPoint xsi:type="SequencePoint" vc="4" uspid="483" ordinal="0" offset="0" sl="22" sc="31" el="22" ec="35" bec="0" bev="0" fileid="14" />
            </Method>
            <Method visited="true" cyclomaticComplexity="1" nPathComplexity="0" sequenceCoverage="100" branchCoverage="100" isConstructor="false" isStatic="false" isGetter="false" isSetter="true">
              <Summary numSequencePoints="1" visitedSequencePoints="1" numBranchPoints="1" visitedBranchPoints="1" sequenceCoverage="100" branchCoverage="100" maxCyclomaticComplexity="1" minCyclomaticComplexity="1" visitedClasses="0" numClasses="0" visitedMethods="1" numMethods="1" />
              <MetadataToken>100663355</MetadataToken>
              <Name>System.Void FoneDynamicsChallenge.Caching.Common.MemoryCacheItem`2::set_Value(TValue)</Name>
              <FileRef uid="14" />
              <SequencePoints>
                <SequencePoint vc="6" uspid="484" ordinal="0" offset="0" sl="22" sc="36" el="22" ec="40" bec="0" bev="0" fileid="14" />
              </SequencePoints>
              <BranchPoints />
              <MethodPoint xsi:type="SequencePoint" vc="6" uspid="484" ordinal="0" offset="0" sl="22" sc="36" el="22" ec="40" bec="0" bev="0" fileid="14" />
            </Method>
            <Method visited="true" cyclomaticComplexity="1" nPathComplexity="0" sequenceCoverage="0" branchCoverage="0" isConstructor="true" isStatic="false" isGetter="false" isSetter="false">
              <Summary numSequencePoints="0" visitedSequencePoints="0" numBranchPoints="0" visitedBranchPoints="0" sequenceCoverage="0" branchCoverage="0" maxCyclomaticComplexity="1" minCyclomaticComplexity="1" visitedClasses="0" numClasses="0" visitedMethods="0" numMethods="0" />
              <MetadataToken>100663356</MetadataToken>
              <Name>System.Void FoneDynamicsChallenge.Caching.Common.MemoryCacheItem`2::.ctor()</Name>
              <SequencePoints />
              <BranchPoints />
              <MethodPoint vc="6" uspid="485" ordinal="0" offset="0" />
            </Method>
          </Methods>
        </Class>
      </Classes>
    </Module>
    <Module skippedDueTo="Filter" hash="8E-DB-4B-2F-98-67-51-C7-FC-9C-6A-10-B8-B6-D4-5A-0B-34-6D-46">
      <ModulePath>C:\Program Files\dotnet\shared\Microsoft.NETCore.App\1.1.9\System.Reflection.Metadata.dll</ModulePath>
      <ModuleTime>2018-06-26T11:42:50Z</ModuleTime>
      <ModuleName>System.Reflection.Metadata</ModuleName>
      <Classes />
    </Module>
    <Module skippedDueTo="Filter" hash="9C-D7-58-8A-0E-E3-B3-23-71-81-8E-F7-7B-91-37-3F-02-D2-07-DF">
      <ModulePath>C:\Users\Petr\.nuget\packages\system.componentmodel.typeconverter\4.1.0\lib\netstandard1.5\System.ComponentModel.TypeConverter.dll</ModulePath>
      <ModuleTime>2016-06-11T19:13:28Z</ModuleTime>
      <ModuleName>System.ComponentModel.TypeConverter</ModuleName>
      <Classes />
    </Module>
    <Module skippedDueTo="MissingPdb" hash="BB-42-A0-3C-34-35-2E-ED-B5-73-3D-43-30-FB-EE-5C-4F-9B-FA-11">
      <ModulePath>C:\Users\Petr\.nuget\packages\mstest.testframework\1.1.11\lib\netcoreapp1.0\Microsoft.VisualStudio.TestPlatform.TestFramework.Extensions.dll</ModulePath>
      <ModuleTime>2017-02-15T21:35:46Z</ModuleTime>
      <ModuleName>Microsoft.VisualStudio.TestPlatform.TestFramework.Extensions</ModuleName>
      <Classes />
    </Module>
    <Module skippedDueTo="Filter" hash="77-FC-2D-9B-1C-0C-CF-57-A5-39-0F-CB-56-1F-1A-17-57-10-91-54">
      <ModulePath>C:\Program Files\dotnet\shared\Microsoft.NETCore.App\2.1.3\System.ComponentModel.dll</ModulePath>
      <ModuleTime>2018-07-25T05:24:08Z</ModuleTime>
      <ModuleName>System.ComponentModel</ModuleName>
      <Classes />
    </Module>
    <Module skippedDueTo="Filter" hash="47-5A-D7-A5-39-A5-DD-0E-41-AA-4E-AD-C0-B9-D3-18-FE-FC-B9-E4">
      <ModulePath>C:\Program Files\dotnet\shared\Microsoft.NETCore.App\2.1.3\System.ComponentModel.TypeConverter.dll</ModulePath>
      <ModuleTime>2018-07-25T05:24:08Z</ModuleTime>
      <ModuleName>System.ComponentModel.TypeConverter</ModuleName>
      <Classes />
    </Module>
    <Module skippedDueTo="Filter" hash="C6-1B-E5-16-AD-C8-63-D5-D5-F6-62-BF-64-28-BB-C2-80-CB-F2-9B">
      <ModulePath>C:\Program Files\dotnet\shared\Microsoft.NETCore.App\2.1.3\System.Collections.Specialized.dll</ModulePath>
      <ModuleTime>2018-07-25T05:24:06Z</ModuleTime>
      <ModuleName>System.Collections.Specialized</ModuleName>
      <Classes />
    </Module>
    <Module skippedDueTo="Filter" hash="3C-20-2E-E8-09-D9-4E-86-4B-83-F9-8E-BF-3D-62-58-FD-F7-CB-F2">
      <ModulePath>C:\Program Files\dotnet\shared\Microsoft.NETCore.App\2.1.3\System.Drawing.Primitives.dll</ModulePath>
      <ModuleTime>2018-07-25T05:24:10Z</ModuleTime>
      <ModuleName>System.Drawing.Primitives</ModuleName>
      <Classes />
    </Module>
    <Module skippedDueTo="Filter" hash="67-26-3B-B5-4E-34-A3-0B-F4-90-A9-FB-53-EE-A4-97-13-6F-27-E4">
      <ModulePath>C:\Program Files\dotnet\shared\Microsoft.NETCore.App\2.1.3\System.Runtime.Serialization.Json.dll</ModulePath>
      <ModuleTime>2018-07-25T05:24:16Z</ModuleTime>
      <ModuleName>System.Runtime.Serialization.Json</ModuleName>
      <Classes />
    </Module>
    <Module skippedDueTo="Filter" hash="67-BB-DC-6A-90-A8-75-8C-A5-4F-82-59-15-DB-A3-2B-FD-D2-44-EA">
      <ModulePath>C:\Program Files\dotnet\shared\Microsoft.NETCore.App\2.1.3\System.Private.DataContractSerialization.dll</ModulePath>
      <ModuleTime>2018-07-25T05:24:14Z</ModuleTime>
      <ModuleName>System.Private.DataContractSerialization</ModuleName>
      <Classes />
    </Module>
    <Module skippedDueTo="Filter" hash="4A-7D-E4-B8-E1-03-8B-97-3B-89-62-F3-FD-7D-68-16-B5-45-A6-14">
      <ModulePath>C:\Program Files\dotnet\shared\Microsoft.NETCore.App\2.1.3\System.Reflection.Emit.ILGeneration.dll</ModulePath>
      <ModuleTime>2018-07-25T05:24:16Z</ModuleTime>
      <ModuleName>System.Reflection.Emit.ILGeneration</ModuleName>
      <Classes />
    </Module>
    <Module skippedDueTo="Filter" hash="5A-95-53-F4-A0-9E-02-1E-05-51-92-5C-15-0E-24-0F-37-D0-BE-3C">
      <ModulePath>C:\Program Files\dotnet\shared\Microsoft.NETCore.App\2.1.3\System.Reflection.Emit.Lightweight.dll</ModulePath>
      <ModuleTime>2018-07-25T05:24:16Z</ModuleTime>
      <ModuleName>System.Reflection.Emit.Lightweight</ModuleName>
      <Classes />
    </Module>
    <Module skippedDueTo="Filter" hash="BA-B5-EF-4A-DC-8F-7F-0A-84-0F-CF-9A-6B-41-2A-D0-08-A7-8A-2B">
      <ModulePath>C:\Program Files\dotnet\shared\Microsoft.NETCore.App\2.1.3\System.Reflection.Primitives.dll</ModulePath>
      <ModuleTime>2018-07-25T05:24:16Z</ModuleTime>
      <ModuleName>System.Reflection.Primitives</ModuleName>
      <Classes />
    </Module>
    <Module skippedDueTo="Filter" hash="9A-C4-75-F6-BD-F1-14-67-BA-77-C7-28-C0-A5-C0-EB-54-32-03-2A">
      <ModulePath>C:\Program Files\dotnet\shared\Microsoft.NETCore.App\2.1.3\System.Security.Cryptography.Primitives.dll</ModulePath>
      <ModuleTime>2018-07-25T05:24:18Z</ModuleTime>
      <ModuleName>System.Security.Cryptography.Primitives</ModuleName>
      <Classes />
    </Module>
    <Module skippedDueTo="Filter" hash="BB-8B-DB-02-CA-A6-8C-40-68-A1-05-5C-3E-34-B8-44-88-F7-9D-DE">
      <ModulePath>C:\Program Files\dotnet\shared\Microsoft.NETCore.App\2.1.3\System.Threading.ThreadPool.dll</ModulePath>
      <ModuleTime>2018-07-25T05:24:18Z</ModuleTime>
      <ModuleName>System.Threading.ThreadPool</ModuleName>
      <Classes />
    </Module>
    <Module skippedDueTo="Filter" hash="86-28-FD-85-40-08-D2-34-DA-6A-0F-6B-AB-D3-20-4F-0C-6E-E3-A6">
      <ModulePath>C:\Program Files\dotnet\shared\Microsoft.NETCore.App\2.1.3\System.Collections.NonGeneric.dll</ModulePath>
      <ModuleTime>2018-07-25T05:24:06Z</ModuleTime>
      <ModuleName>System.Collections.NonGeneric</ModuleName>
      <Classes />
    </Module>
  </Modules>
</CoverageSession>